mode: set
github.com/Fairfarren/peekgit/cmd/repo-monitor/main.go:13.46,17.2 3 0
github.com/Fairfarren/peekgit/cmd/repo-monitor/main.go:19.13,22.2 2 0
github.com/Fairfarren/peekgit/cmd/repo-monitor/main.go:24.47,26.16 2 1
github.com/Fairfarren/peekgit/cmd/repo-monitor/main.go:26.16,29.3 2 1
github.com/Fairfarren/peekgit/cmd/repo-monitor/main.go:31.2,32.40 2 1
github.com/Fairfarren/peekgit/cmd/repo-monitor/main.go:32.40,35.3 2 1
github.com/Fairfarren/peekgit/cmd/repo-monitor/main.go:36.2,36.10 1 1
github.com/Fairfarren/peekgit/internal/cache/ttl.go:19.57,24.2 1 0
github.com/Fairfarren/peekgit/internal/cache/ttl.go:26.64,31.38 4 0
github.com/Fairfarren/peekgit/internal/cache/ttl.go:31.38,34.3 2 0
github.com/Fairfarren/peekgit/internal/cache/ttl.go:35.2,35.25 1 0
github.com/Fairfarren/peekgit/internal/cache/ttl.go:38.63,45.2 3 0
github.com/Fairfarren/peekgit/internal/config/config.go:30.47,32.16 2 1
github.com/Fairfarren/peekgit/internal/config/config.go:32.16,34.3 1 0
github.com/Fairfarren/peekgit/internal/config/config.go:35.2,38.16 3 1
github.com/Fairfarren/peekgit/internal/config/config.go:38.16,39.25 1 0
github.com/Fairfarren/peekgit/internal/config/config.go:39.25,41.4 1 0
github.com/Fairfarren/peekgit/internal/config/config.go:42.3,42.29 1 0
github.com/Fairfarren/peekgit/internal/config/config.go:45.2,46.51 2 1
github.com/Fairfarren/peekgit/internal/config/config.go:46.51,48.3 1 0
github.com/Fairfarren/peekgit/internal/config/config.go:51.2,51.44 1 1
github.com/Fairfarren/peekgit/internal/config/config.go:51.44,52.27 1 1
github.com/Fairfarren/peekgit/internal/config/config.go:52.27,53.33 1 1
github.com/Fairfarren/peekgit/internal/config/config.go:53.33,55.5 1 1
github.com/Fairfarren/peekgit/internal/config/config.go:59.2,59.17 1 1
github.com/Fairfarren/peekgit/internal/config/config.go:62.43,68.39 5 1
github.com/Fairfarren/peekgit/internal/config/config.go:68.39,70.3 1 1
github.com/Fairfarren/peekgit/internal/config/config.go:72.2,73.16 2 1
github.com/Fairfarren/peekgit/internal/config/config.go:73.16,75.3 1 0
github.com/Fairfarren/peekgit/internal/config/config.go:77.2,77.20 1 1
github.com/Fairfarren/peekgit/internal/config/config.go:77.20,79.3 1 0
github.com/Fairfarren/peekgit/internal/config/config.go:80.2,80.23 1 1
github.com/Fairfarren/peekgit/internal/config/config.go:80.23,82.3 1 0
github.com/Fairfarren/peekgit/internal/config/config.go:84.2,89.8 1 1
github.com/Fairfarren/peekgit/internal/gitcli/repo.go:24.17,24.52 1 1
github.com/Fairfarren/peekgit/internal/gitcli/repo.go:26.40,26.65 1 0
github.com/Fairfarren/peekgit/internal/gitcli/repo.go:30.90,37.34 7 0
github.com/Fairfarren/peekgit/internal/gitcli/repo.go:37.34,38.23 1 0
github.com/Fairfarren/peekgit/internal/gitcli/repo.go:38.23,40.4 1 0
github.com/Fairfarren/peekgit/internal/gitcli/repo.go:41.3,41.17 1 0
github.com/Fairfarren/peekgit/internal/gitcli/repo.go:43.2,43.45 1 0
github.com/Fairfarren/peekgit/internal/gitcli/repo.go:46.99,49.91 2 0
github.com/Fairfarren/peekgit/internal/gitcli/repo.go:49.91,52.3 2 0
github.com/Fairfarren/peekgit/internal/gitcli/repo.go:54.2,57.84 3 0
github.com/Fairfarren/peekgit/internal/gitcli/repo.go:57.84,59.3 1 0
github.com/Fairfarren/peekgit/internal/gitcli/repo.go:61.2,61.43 1 0
github.com/Fairfarren/peekgit/internal/gitcli/repo.go:61.43,62.95 1 0
github.com/Fairfarren/peekgit/internal/gitcli/repo.go:62.95,64.4 1 0
github.com/Fairfarren/peekgit/internal/gitcli/repo.go:67.2,70.20 3 0
github.com/Fairfarren/peekgit/internal/gitcli/repo.go:70.20,72.17 2 0
github.com/Fairfarren/peekgit/internal/gitcli/repo.go:72.17,76.4 3 0
github.com/Fairfarren/peekgit/internal/gitcli/repo.go:76.9,78.4 1 0
github.com/Fairfarren/peekgit/internal/gitcli/repo.go:79.8,81.3 1 0
github.com/Fairfarren/peekgit/internal/gitcli/repo.go:83.2,84.15 2 0
github.com/Fairfarren/peekgit/internal/gitcli/repo.go:87.74,89.32 2 0
github.com/Fairfarren/peekgit/internal/gitcli/repo.go:89.32,91.3 1 0
github.com/Fairfarren/peekgit/internal/gitcli/repo.go:92.2,93.29 2 0
github.com/Fairfarren/peekgit/internal/gitcli/repo.go:93.29,95.3 1 0
github.com/Fairfarren/peekgit/internal/gitcli/repo.go:96.2,96.26 1 0
github.com/Fairfarren/peekgit/internal/gitcli/repo.go:99.91,101.28 2 0
github.com/Fairfarren/peekgit/internal/gitcli/repo.go:101.28,103.3 1 0
github.com/Fairfarren/peekgit/internal/gitcli/repo.go:104.2,104.60 1 0
github.com/Fairfarren/peekgit/internal/gitcli/repo.go:104.60,106.3 1 0
github.com/Fairfarren/peekgit/internal/gitcli/repo.go:107.2,108.103 2 0
github.com/Fairfarren/peekgit/internal/gitcli/repo.go:108.103,110.3 1 0
github.com/Fairfarren/peekgit/internal/gitcli/repo.go:111.2,111.11 1 0
github.com/Fairfarren/peekgit/internal/gitcli/repo.go:114.100,116.16 2 0
github.com/Fairfarren/peekgit/internal/gitcli/repo.go:116.16,118.3 1 0
github.com/Fairfarren/peekgit/internal/gitcli/repo.go:119.2,120.21 2 0
github.com/Fairfarren/peekgit/internal/gitcli/repo.go:120.21,122.3 1 0
github.com/Fairfarren/peekgit/internal/gitcli/repo.go:123.2,124.16 2 0
github.com/Fairfarren/peekgit/internal/gitcli/repo.go:124.16,126.3 1 0
github.com/Fairfarren/peekgit/internal/gitcli/repo.go:127.2,128.16 2 0
github.com/Fairfarren/peekgit/internal/gitcli/repo.go:128.16,130.3 1 0
github.com/Fairfarren/peekgit/internal/gitcli/repo.go:131.2,131.27 1 0
github.com/Fairfarren/peekgit/internal/gitcli/repo.go:134.66,136.16 2 0
github.com/Fairfarren/peekgit/internal/gitcli/repo.go:136.16,138.3 1 0
github.com/Fairfarren/peekgit/internal/gitcli/repo.go:139.2,139.37 1 0
github.com/Fairfarren/peekgit/internal/gitcli/repo.go:142.58,143.9 1 0
github.com/Fairfarren/peekgit/internal/gitcli/repo.go:144.33,145.26 1 0
github.com/Fairfarren/peekgit/internal/gitcli/repo.go:146.32,147.25 1 0
github.com/Fairfarren/peekgit/internal/gitcli/repo.go:148.32,149.26 1 0
github.com/Fairfarren/peekgit/internal/gitcli/repo.go:150.31,151.28 1 0
github.com/Fairfarren/peekgit/internal/gitcli/repo.go:152.10,153.27 1 0
github.com/Fairfarren/peekgit/internal/gitcli/repo.go:157.102,159.16 2 0
github.com/Fairfarren/peekgit/internal/gitcli/repo.go:159.16,161.3 1 0
github.com/Fairfarren/peekgit/internal/gitcli/repo.go:162.2,162.28 1 0
github.com/Fairfarren/peekgit/internal/gitcli/repo.go:165.63,169.45 3 0
github.com/Fairfarren/peekgit/internal/gitcli/repo.go:169.45,172.22 3 0
github.com/Fairfarren/peekgit/internal/gitcli/repo.go:172.22,174.4 1 0
github.com/Fairfarren/peekgit/internal/gitcli/repo.go:177.2,177.49 1 0
github.com/Fairfarren/peekgit/internal/gitcli/repo.go:177.49,181.22 4 0
github.com/Fairfarren/peekgit/internal/gitcli/repo.go:181.22,183.4 1 0
github.com/Fairfarren/peekgit/internal/gitcli/repo.go:186.2,186.53 1 0
github.com/Fairfarren/peekgit/internal/gitcli/repo.go:189.106,191.16 2 0
github.com/Fairfarren/peekgit/internal/gitcli/repo.go:191.16,193.3 1 0
github.com/Fairfarren/peekgit/internal/gitcli/repo.go:194.2,194.34 1 0
github.com/Fairfarren/peekgit/internal/gitcli/repo.go:194.34,196.3 1 0
github.com/Fairfarren/peekgit/internal/gitcli/repo.go:197.2,199.29 3 0
github.com/Fairfarren/peekgit/internal/gitcli/repo.go:199.29,201.22 2 0
github.com/Fairfarren/peekgit/internal/gitcli/repo.go:201.22,202.12 1 0
github.com/Fairfarren/peekgit/internal/gitcli/repo.go:204.3,206.23 3 0
github.com/Fairfarren/peekgit/internal/gitcli/repo.go:206.23,208.18 2 0
github.com/Fairfarren/peekgit/internal/gitcli/repo.go:208.18,212.5 3 0
github.com/Fairfarren/peekgit/internal/gitcli/repo.go:212.10,214.5 1 0
github.com/Fairfarren/peekgit/internal/gitcli/repo.go:215.9,217.4 1 0
github.com/Fairfarren/peekgit/internal/gitcli/repo.go:218.3,218.33 1 0
github.com/Fairfarren/peekgit/internal/gitcli/repo.go:220.2,220.22 1 0
github.com/Fairfarren/peekgit/internal/gitcli/repo.go:223.93,226.2 2 0
github.com/Fairfarren/peekgit/internal/gitcli/repo.go:229.64,232.2 2 0
github.com/Fairfarren/peekgit/internal/model/types.go:71.64,72.15 1 0
github.com/Fairfarren/peekgit/internal/model/types.go:73.18,74.15 1 0
github.com/Fairfarren/peekgit/internal/model/types.go:75.17,76.29 1 0
github.com/Fairfarren/peekgit/internal/model/types.go:77.18,78.30 1 0
github.com/Fairfarren/peekgit/internal/model/types.go:79.20,80.53 1 0
github.com/Fairfarren/peekgit/internal/model/types.go:81.10,82.15 1 0
github.com/Fairfarren/peekgit/internal/model/types.go:86.25,87.12 1 0
github.com/Fairfarren/peekgit/internal/model/types.go:87.12,89.3 1 0
github.com/Fairfarren/peekgit/internal/model/types.go:90.2,91.9 2 0
github.com/Fairfarren/peekgit/internal/model/types.go:91.9,93.3 1 0
github.com/Fairfarren/peekgit/internal/model/types.go:94.2,95.12 2 0
github.com/Fairfarren/peekgit/internal/model/types.go:95.12,99.3 3 0
github.com/Fairfarren/peekgit/internal/model/types.go:100.2,100.9 1 0
github.com/Fairfarren/peekgit/internal/model/types.go:100.9,102.3 1 0
github.com/Fairfarren/peekgit/internal/model/types.go:103.2,103.18 1 0
github.com/Fairfarren/peekgit/internal/provider/github/client.go:20.64,23.16 3 0
github.com/Fairfarren/peekgit/internal/provider/github/client.go:23.16,25.3 1 0
github.com/Fairfarren/peekgit/internal/provider/github/client.go:26.2,26.44 1 0
github.com/Fairfarren/peekgit/internal/provider/github/client.go:37.54,38.14 1 1
github.com/Fairfarren/peekgit/internal/provider/github/client.go:38.14,40.3 1 1
github.com/Fairfarren/peekgit/internal/provider/github/client.go:41.2,42.17 2 0
github.com/Fairfarren/peekgit/internal/provider/github/client.go:42.17,44.3 1 0
github.com/Fairfarren/peekgit/internal/provider/github/client.go:45.2,53.3 3 0
github.com/Fairfarren/peekgit/internal/provider/github/client.go:56.47,57.72 1 0
github.com/Fairfarren/peekgit/internal/provider/github/client.go:57.72,59.3 1 0
github.com/Fairfarren/peekgit/internal/provider/github/client.go:60.2,61.16 2 0
github.com/Fairfarren/peekgit/internal/provider/github/client.go:61.16,63.3 1 0
github.com/Fairfarren/peekgit/internal/provider/github/client.go:64.2,64.33 1 0
github.com/Fairfarren/peekgit/internal/provider/github/client.go:67.39,67.75 1 0
github.com/Fairfarren/peekgit/internal/provider/github/client.go:69.107,70.24 1 0
github.com/Fairfarren/peekgit/internal/provider/github/client.go:70.24,72.3 1 0
github.com/Fairfarren/peekgit/internal/provider/github/client.go:73.2,74.54 2 0
github.com/Fairfarren/peekgit/internal/provider/github/client.go:74.54,76.3 1 0
github.com/Fairfarren/peekgit/internal/provider/github/client.go:77.2,79.16 3 0
github.com/Fairfarren/peekgit/internal/provider/github/client.go:79.16,81.3 1 0
github.com/Fairfarren/peekgit/internal/provider/github/client.go:82.2,83.25 2 0
github.com/Fairfarren/peekgit/internal/provider/github/client.go:83.25,92.3 1 0
github.com/Fairfarren/peekgit/internal/provider/github/client.go:93.2,94.17 2 0
github.com/Fairfarren/peekgit/internal/provider/github/client.go:97.104,98.24 1 0
github.com/Fairfarren/peekgit/internal/provider/github/client.go:98.24,100.3 1 0
github.com/Fairfarren/peekgit/internal/provider/github/client.go:101.2,102.57 2 0
github.com/Fairfarren/peekgit/internal/provider/github/client.go:102.57,104.3 1 0
github.com/Fairfarren/peekgit/internal/provider/github/client.go:105.2,107.16 3 0
github.com/Fairfarren/peekgit/internal/provider/github/client.go:107.16,109.3 1 0
github.com/Fairfarren/peekgit/internal/provider/github/client.go:110.2,111.27 2 0
github.com/Fairfarren/peekgit/internal/provider/github/client.go:111.27,112.25 1 0
github.com/Fairfarren/peekgit/internal/provider/github/client.go:112.25,113.12 1 0
github.com/Fairfarren/peekgit/internal/provider/github/client.go:115.3,116.31 2 0
github.com/Fairfarren/peekgit/internal/provider/github/client.go:116.31,118.4 1 0
github.com/Fairfarren/peekgit/internal/provider/github/client.go:119.3,126.5 1 0
github.com/Fairfarren/peekgit/internal/provider/github/client.go:128.2,129.17 2 0
github.com/Fairfarren/peekgit/internal/provider/github/client.go:132.110,133.24 1 0
github.com/Fairfarren/peekgit/internal/provider/github/client.go:133.24,135.3 1 0
github.com/Fairfarren/peekgit/internal/provider/github/client.go:136.2,137.56 2 0
github.com/Fairfarren/peekgit/internal/provider/github/client.go:137.56,139.3 1 0
github.com/Fairfarren/peekgit/internal/provider/github/client.go:140.2,141.16 2 0
github.com/Fairfarren/peekgit/internal/provider/github/client.go:141.16,143.3 1 0
github.com/Fairfarren/peekgit/internal/provider/github/client.go:144.2,145.17 2 0
github.com/Fairfarren/peekgit/internal/tui/app.go:116.34,118.39 2 1
github.com/Fairfarren/peekgit/internal/tui/app.go:118.39,120.3 1 1
github.com/Fairfarren/peekgit/internal/tui/app.go:121.2,125.27 3 1
github.com/Fairfarren/peekgit/internal/tui/app.go:125.27,129.3 3 1
github.com/Fairfarren/peekgit/internal/tui/app.go:131.2,147.22 2 1
github.com/Fairfarren/peekgit/internal/tui/app.go:147.23,150.3 0 0
github.com/Fairfarren/peekgit/internal/tui/app.go:152.2,152.12 1 1
github.com/Fairfarren/peekgit/internal/tui/app.go:155.30,157.2 1 0
github.com/Fairfarren/peekgit/internal/tui/app.go:159.39,160.84 1 0
github.com/Fairfarren/peekgit/internal/tui/app.go:160.84,162.3 1 0
github.com/Fairfarren/peekgit/internal/tui/app.go:165.56,166.25 1 0
github.com/Fairfarren/peekgit/internal/tui/app.go:167.25,173.16 6 0
github.com/Fairfarren/peekgit/internal/tui/app.go:176.22,178.19 2 0
github.com/Fairfarren/peekgit/internal/tui/app.go:178.19,181.4 2 0
github.com/Fairfarren/peekgit/internal/tui/app.go:182.3,184.24 3 0
github.com/Fairfarren/peekgit/internal/tui/app.go:184.24,186.4 1 0
github.com/Fairfarren/peekgit/internal/tui/app.go:186.9,186.45 1 0
github.com/Fairfarren/peekgit/internal/tui/app.go:186.45,188.4 1 0
github.com/Fairfarren/peekgit/internal/tui/app.go:189.3,190.16 2 0
github.com/Fairfarren/peekgit/internal/tui/app.go:192.23,193.40 1 0
github.com/Fairfarren/peekgit/internal/tui/app.go:193.40,195.4 1 0
github.com/Fairfarren/peekgit/internal/tui/app.go:196.3,200.16 5 0
github.com/Fairfarren/peekgit/internal/tui/app.go:202.21,204.19 2 0
github.com/Fairfarren/peekgit/internal/tui/app.go:204.19,207.4 2 0
github.com/Fairfarren/peekgit/internal/tui/app.go:208.3,212.16 5 0
github.com/Fairfarren/peekgit/internal/tui/app.go:214.19,215.19 1 0
github.com/Fairfarren/peekgit/internal/tui/app.go:215.19,217.4 1 0
github.com/Fairfarren/peekgit/internal/tui/app.go:217.9,219.4 1 0
github.com/Fairfarren/peekgit/internal/tui/app.go:220.3,220.30 1 0
github.com/Fairfarren/peekgit/internal/tui/app.go:222.22,223.39 1 0
github.com/Fairfarren/peekgit/internal/tui/app.go:223.39,225.4 1 0
github.com/Fairfarren/peekgit/internal/tui/app.go:225.9,227.4 1 0
github.com/Fairfarren/peekgit/internal/tui/app.go:228.3,228.30 1 0
github.com/Fairfarren/peekgit/internal/tui/app.go:230.22,231.19 1 0
github.com/Fairfarren/peekgit/internal/tui/app.go:231.19,233.4 1 0
github.com/Fairfarren/peekgit/internal/tui/app.go:233.9,235.4 1 0
github.com/Fairfarren/peekgit/internal/tui/app.go:236.3,236.30 1 0
github.com/Fairfarren/peekgit/internal/tui/app.go:238.15,239.29 1 0
github.com/Fairfarren/peekgit/internal/tui/app.go:239.29,241.4 1 0
github.com/Fairfarren/peekgit/internal/tui/app.go:242.3,242.39 1 0
github.com/Fairfarren/peekgit/internal/tui/app.go:244.18,245.19 1 0
github.com/Fairfarren/peekgit/internal/tui/app.go:245.19,247.4 1 0
github.com/Fairfarren/peekgit/internal/tui/app.go:248.3,248.19 1 0
github.com/Fairfarren/peekgit/internal/tui/app.go:248.19,250.4 1 0
github.com/Fairfarren/peekgit/internal/tui/app.go:251.3,251.19 1 0
github.com/Fairfarren/peekgit/internal/tui/app.go:252.25,253.32 1 0
github.com/Fairfarren/peekgit/internal/tui/app.go:254.19,255.26 1 0
github.com/Fairfarren/peekgit/internal/tui/app.go:256.21,257.28 1 0
github.com/Fairfarren/peekgit/internal/tui/app.go:258.19,259.26 1 0
github.com/Fairfarren/peekgit/internal/tui/app.go:262.2,262.15 1 0
github.com/Fairfarren/peekgit/internal/tui/app.go:265.69,266.28 1 0
github.com/Fairfarren/peekgit/internal/tui/app.go:266.28,267.54 1 0
github.com/Fairfarren/peekgit/internal/tui/app.go:267.54,269.4 1 0
github.com/Fairfarren/peekgit/internal/tui/app.go:270.3,270.16 1 0
github.com/Fairfarren/peekgit/internal/tui/app.go:273.2,273.22 1 0
github.com/Fairfarren/peekgit/internal/tui/app.go:274.21,275.21 1 0
github.com/Fairfarren/peekgit/internal/tui/app.go:276.17,277.87 1 0
github.com/Fairfarren/peekgit/internal/tui/app.go:278.19,279.89 1 0
github.com/Fairfarren/peekgit/internal/tui/app.go:280.19,281.89 1 0
github.com/Fairfarren/peekgit/internal/tui/app.go:282.20,283.90 1 0
github.com/Fairfarren/peekgit/internal/tui/app.go:284.20,288.30 4 0
github.com/Fairfarren/peekgit/internal/tui/app.go:290.2,290.15 1 0
github.com/Fairfarren/peekgit/internal/tui/app.go:293.70,294.22 1 0
github.com/Fairfarren/peekgit/internal/tui/app.go:295.13,296.23 1 0
github.com/Fairfarren/peekgit/internal/tui/app.go:297.15,298.23 1 0
github.com/Fairfarren/peekgit/internal/tui/app.go:299.19,300.28 1 0
github.com/Fairfarren/peekgit/internal/tui/app.go:300.28,302.4 1 0
github.com/Fairfarren/peekgit/internal/tui/app.go:303.10,304.31 1 0
github.com/Fairfarren/peekgit/internal/tui/app.go:304.31,306.4 1 0
github.com/Fairfarren/peekgit/internal/tui/app.go:308.2,309.15 2 0
github.com/Fairfarren/peekgit/internal/tui/app.go:312.70,313.22 1 0
github.com/Fairfarren/peekgit/internal/tui/app.go:314.13,316.21 2 0
github.com/Fairfarren/peekgit/internal/tui/app.go:317.15,320.28 3 0
github.com/Fairfarren/peekgit/internal/tui/app.go:321.19,322.29 1 0
github.com/Fairfarren/peekgit/internal/tui/app.go:322.29,324.4 1 0
github.com/Fairfarren/peekgit/internal/tui/app.go:325.10,326.31 1 0
github.com/Fairfarren/peekgit/internal/tui/app.go:326.31,328.4 1 0
github.com/Fairfarren/peekgit/internal/tui/app.go:330.2,330.15 1 0
github.com/Fairfarren/peekgit/internal/tui/app.go:333.63,335.23 2 0
github.com/Fairfarren/peekgit/internal/tui/app.go:335.23,336.23 1 0
github.com/Fairfarren/peekgit/internal/tui/app.go:337.22,338.22 1 0
github.com/Fairfarren/peekgit/internal/tui/app.go:339.12,341.31 2 0
github.com/Fairfarren/peekgit/internal/tui/app.go:343.3,343.16 1 0
github.com/Fairfarren/peekgit/internal/tui/app.go:346.2,346.22 1 0
github.com/Fairfarren/peekgit/internal/tui/app.go:347.18,351.16 4 0
github.com/Fairfarren/peekgit/internal/tui/app.go:352.16,353.21 1 0
github.com/Fairfarren/peekgit/internal/tui/app.go:354.11,356.30 2 0
github.com/Fairfarren/peekgit/internal/tui/app.go:357.11,359.16 2 0
github.com/Fairfarren/peekgit/internal/tui/app.go:360.17,361.78 1 0
github.com/Fairfarren/peekgit/internal/tui/app.go:362.19,363.80 1 0
github.com/Fairfarren/peekgit/internal/tui/app.go:364.19,365.80 1 0
github.com/Fairfarren/peekgit/internal/tui/app.go:366.20,367.81 1 0
github.com/Fairfarren/peekgit/internal/tui/app.go:368.20,374.54 6 0
github.com/Fairfarren/peekgit/internal/tui/app.go:375.11,376.23 1 0
github.com/Fairfarren/peekgit/internal/tui/app.go:376.23,379.4 2 0
github.com/Fairfarren/peekgit/internal/tui/app.go:380.11,381.23 1 0
github.com/Fairfarren/peekgit/internal/tui/app.go:381.23,384.4 2 0
github.com/Fairfarren/peekgit/internal/tui/app.go:385.11,386.23 1 0
github.com/Fairfarren/peekgit/internal/tui/app.go:386.23,389.4 2 0
github.com/Fairfarren/peekgit/internal/tui/app.go:391.2,391.15 1 0
github.com/Fairfarren/peekgit/internal/tui/app.go:394.65,396.22 2 0
github.com/Fairfarren/peekgit/internal/tui/app.go:397.24,399.16 2 0
github.com/Fairfarren/peekgit/internal/tui/app.go:400.11,401.25 1 0
github.com/Fairfarren/peekgit/internal/tui/app.go:401.25,403.4 1 0
github.com/Fairfarren/peekgit/internal/tui/app.go:404.3,404.37 1 0
github.com/Fairfarren/peekgit/internal/tui/app.go:405.22,406.48 1 0
github.com/Fairfarren/peekgit/internal/tui/app.go:407.27,408.48 1 0
github.com/Fairfarren/peekgit/internal/tui/app.go:409.11,410.22 1 0
github.com/Fairfarren/peekgit/internal/tui/app.go:411.11,412.25 1 0
github.com/Fairfarren/peekgit/internal/tui/app.go:414.11,415.34 1 0
github.com/Fairfarren/peekgit/internal/tui/app.go:416.11,417.48 1 0
github.com/Fairfarren/peekgit/internal/tui/app.go:417.48,422.4 4 0
github.com/Fairfarren/peekgit/internal/tui/app.go:423.17,424.48 1 0
github.com/Fairfarren/peekgit/internal/tui/app.go:424.48,426.4 1 0
github.com/Fairfarren/peekgit/internal/tui/app.go:427.3,427.51 1 0
github.com/Fairfarren/peekgit/internal/tui/app.go:427.51,429.4 1 0
github.com/Fairfarren/peekgit/internal/tui/app.go:430.19,431.62 1 0
github.com/Fairfarren/peekgit/internal/tui/app.go:431.62,433.4 1 0
github.com/Fairfarren/peekgit/internal/tui/app.go:434.3,434.65 1 0
github.com/Fairfarren/peekgit/internal/tui/app.go:434.65,436.4 1 0
github.com/Fairfarren/peekgit/internal/tui/app.go:438.2,438.15 1 0
github.com/Fairfarren/peekgit/internal/tui/app.go:441.63,442.25 1 0
github.com/Fairfarren/peekgit/internal/tui/app.go:442.25,445.3 2 0
github.com/Fairfarren/peekgit/internal/tui/app.go:446.2,446.25 1 0
github.com/Fairfarren/peekgit/internal/tui/app.go:446.25,450.3 3 0
github.com/Fairfarren/peekgit/internal/tui/app.go:451.2,451.25 1 0
github.com/Fairfarren/peekgit/internal/tui/app.go:451.25,454.3 2 0
github.com/Fairfarren/peekgit/internal/tui/app.go:455.2,455.25 1 0
github.com/Fairfarren/peekgit/internal/tui/app.go:455.25,458.3 2 0
github.com/Fairfarren/peekgit/internal/tui/app.go:459.2,461.15 3 0
github.com/Fairfarren/peekgit/internal/tui/app.go:464.29,465.35 1 0
github.com/Fairfarren/peekgit/internal/tui/app.go:465.35,467.3 1 0
github.com/Fairfarren/peekgit/internal/tui/app.go:468.2,468.18 1 0
github.com/Fairfarren/peekgit/internal/tui/app.go:469.24,470.28 1 0
github.com/Fairfarren/peekgit/internal/tui/app.go:471.18,472.22 1 0
github.com/Fairfarren/peekgit/internal/tui/app.go:473.20,474.24 1 0
github.com/Fairfarren/peekgit/internal/tui/app.go:475.18,476.22 1 0
github.com/Fairfarren/peekgit/internal/tui/app.go:477.10,478.12 1 0
github.com/Fairfarren/peekgit/internal/tui/app.go:482.39,488.28 4 0
github.com/Fairfarren/peekgit/internal/tui/app.go:488.28,492.3 3 0
github.com/Fairfarren/peekgit/internal/tui/app.go:494.2,495.52 2 0
github.com/Fairfarren/peekgit/internal/tui/app.go:495.52,497.30 2 0
github.com/Fairfarren/peekgit/internal/tui/app.go:497.30,499.4 1 0
github.com/Fairfarren/peekgit/internal/tui/app.go:500.3,501.28 2 0
github.com/Fairfarren/peekgit/internal/tui/app.go:501.28,504.4 2 0
github.com/Fairfarren/peekgit/internal/tui/app.go:505.3,505.22 1 0
github.com/Fairfarren/peekgit/internal/tui/app.go:505.22,507.12 2 0
github.com/Fairfarren/peekgit/internal/tui/app.go:509.3,510.32 2 0
github.com/Fairfarren/peekgit/internal/tui/app.go:510.32,511.15 1 0
github.com/Fairfarren/peekgit/internal/tui/app.go:511.15,513.5 1 0
github.com/Fairfarren/peekgit/internal/tui/app.go:514.4,514.37 1 0
github.com/Fairfarren/peekgit/internal/tui/app.go:516.3,516.74 1 0
github.com/Fairfarren/peekgit/internal/tui/app.go:519.2,521.34 3 0
github.com/Fairfarren/peekgit/internal/tui/app.go:524.70,526.14 2 0
github.com/Fairfarren/peekgit/internal/tui/app.go:526.14,528.3 1 0
github.com/Fairfarren/peekgit/internal/tui/app.go:529.2,538.44 4 0
github.com/Fairfarren/peekgit/internal/tui/app.go:541.33,543.68 2 0
github.com/Fairfarren/peekgit/internal/tui/app.go:543.68,545.3 1 0
github.com/Fairfarren/peekgit/internal/tui/app.go:546.2,547.18 2 0
github.com/Fairfarren/peekgit/internal/tui/app.go:547.18,549.3 1 0
github.com/Fairfarren/peekgit/internal/tui/app.go:550.2,551.26 2 0
github.com/Fairfarren/peekgit/internal/tui/app.go:551.26,553.3 1 0
github.com/Fairfarren/peekgit/internal/tui/app.go:554.2,555.18 2 0
github.com/Fairfarren/peekgit/internal/tui/app.go:555.18,557.3 1 0
github.com/Fairfarren/peekgit/internal/tui/app.go:559.2,560.21 2 0
github.com/Fairfarren/peekgit/internal/tui/app.go:560.21,562.3 1 0
github.com/Fairfarren/peekgit/internal/tui/app.go:563.2,563.15 1 0
github.com/Fairfarren/peekgit/internal/tui/app.go:563.15,565.3 1 0
github.com/Fairfarren/peekgit/internal/tui/app.go:567.2,568.35 2 0
github.com/Fairfarren/peekgit/internal/tui/app.go:568.35,572.3 3 0
github.com/Fairfarren/peekgit/internal/tui/app.go:574.2,575.45 2 0
github.com/Fairfarren/peekgit/internal/tui/app.go:575.45,577.23 2 0
github.com/Fairfarren/peekgit/internal/tui/app.go:577.23,579.4 1 0
github.com/Fairfarren/peekgit/internal/tui/app.go:580.3,581.28 2 0
github.com/Fairfarren/peekgit/internal/tui/app.go:581.28,584.4 2 0
github.com/Fairfarren/peekgit/internal/tui/app.go:585.3,585.22 1 0
github.com/Fairfarren/peekgit/internal/tui/app.go:585.22,587.12 2 0
github.com/Fairfarren/peekgit/internal/tui/app.go:589.3,590.32 2 0
github.com/Fairfarren/peekgit/internal/tui/app.go:590.32,591.15 1 0
github.com/Fairfarren/peekgit/internal/tui/app.go:591.15,593.5 1 0
github.com/Fairfarren/peekgit/internal/tui/app.go:594.4,594.37 1 0
github.com/Fairfarren/peekgit/internal/tui/app.go:596.3,596.74 1 0
github.com/Fairfarren/peekgit/internal/tui/app.go:599.2,601.34 3 0
github.com/Fairfarren/peekgit/internal/tui/app.go:604.71,606.14 2 0
github.com/Fairfarren/peekgit/internal/tui/app.go:606.14,608.3 1 0
github.com/Fairfarren/peekgit/internal/tui/app.go:609.2,618.16 5 0
github.com/Fairfarren/peekgit/internal/tui/app.go:618.16,620.3 1 0
github.com/Fairfarren/peekgit/internal/tui/app.go:622.2,623.24 2 0
github.com/Fairfarren/peekgit/internal/tui/app.go:623.24,625.3 1 0
github.com/Fairfarren/peekgit/internal/tui/app.go:626.2,627.27 2 0
github.com/Fairfarren/peekgit/internal/tui/app.go:627.27,629.3 1 0
github.com/Fairfarren/peekgit/internal/tui/app.go:630.2,631.22 2 0
github.com/Fairfarren/peekgit/internal/tui/app.go:631.22,633.3 1 0
github.com/Fairfarren/peekgit/internal/tui/app.go:635.2,640.54 4 0
github.com/Fairfarren/peekgit/internal/tui/app.go:643.35,652.34 5 0
github.com/Fairfarren/peekgit/internal/tui/app.go:652.34,653.28 1 0
github.com/Fairfarren/peekgit/internal/tui/app.go:653.28,655.4 1 0
github.com/Fairfarren/peekgit/internal/tui/app.go:655.9,657.4 1 0
github.com/Fairfarren/peekgit/internal/tui/app.go:659.2,660.15 2 0
github.com/Fairfarren/peekgit/internal/tui/app.go:660.15,662.3 1 0
github.com/Fairfarren/peekgit/internal/tui/app.go:663.2,664.21 2 0
github.com/Fairfarren/peekgit/internal/tui/app.go:664.21,666.3 1 0
github.com/Fairfarren/peekgit/internal/tui/app.go:667.2,667.23 1 0
github.com/Fairfarren/peekgit/internal/tui/app.go:667.23,669.3 1 0
github.com/Fairfarren/peekgit/internal/tui/app.go:671.2,671.21 1 0
github.com/Fairfarren/peekgit/internal/tui/app.go:672.13,674.25 2 0
github.com/Fairfarren/peekgit/internal/tui/app.go:674.25,676.4 1 0
github.com/Fairfarren/peekgit/internal/tui/app.go:676.9,677.32 1 0
github.com/Fairfarren/peekgit/internal/tui/app.go:677.32,681.27 4 0
github.com/Fairfarren/peekgit/internal/tui/app.go:681.27,683.6 1 0
github.com/Fairfarren/peekgit/internal/tui/app.go:683.11,685.6 1 0
github.com/Fairfarren/peekgit/internal/tui/app.go:688.16,690.25 2 0
github.com/Fairfarren/peekgit/internal/tui/app.go:690.25,692.4 1 0
github.com/Fairfarren/peekgit/internal/tui/app.go:692.9,693.32 1 0
github.com/Fairfarren/peekgit/internal/tui/app.go:693.32,696.27 3 0
github.com/Fairfarren/peekgit/internal/tui/app.go:696.27,698.6 1 0
github.com/Fairfarren/peekgit/internal/tui/app.go:698.11,700.6 1 0
github.com/Fairfarren/peekgit/internal/tui/app.go:704.2,704.34 1 0
github.com/Fairfarren/peekgit/internal/tui/app.go:707.33,708.19 1 0
github.com/Fairfarren/peekgit/internal/tui/app.go:708.19,710.3 1 0
github.com/Fairfarren/peekgit/internal/tui/app.go:711.2,712.18 2 0
github.com/Fairfarren/peekgit/internal/tui/app.go:712.18,714.3 1 0
github.com/Fairfarren/peekgit/internal/tui/app.go:714.8,714.31 1 0
github.com/Fairfarren/peekgit/internal/tui/app.go:714.31,716.3 1 0
github.com/Fairfarren/peekgit/internal/tui/app.go:717.2,717.46 1 0
github.com/Fairfarren/peekgit/internal/tui/app.go:720.39,721.24 1 0
github.com/Fairfarren/peekgit/internal/tui/app.go:721.24,722.71 1 0
github.com/Fairfarren/peekgit/internal/tui/app.go:722.71,724.4 1 0
github.com/Fairfarren/peekgit/internal/tui/app.go:726.3,730.17 4 0
github.com/Fairfarren/peekgit/internal/tui/app.go:730.17,732.4 1 0
github.com/Fairfarren/peekgit/internal/tui/app.go:733.3,738.27 5 0
github.com/Fairfarren/peekgit/internal/tui/app.go:738.27,741.14 3 0
github.com/Fairfarren/peekgit/internal/tui/app.go:741.14,742.18 1 0
github.com/Fairfarren/peekgit/internal/tui/app.go:742.18,742.27 1 0
github.com/Fairfarren/peekgit/internal/tui/app.go:743.5,744.111 2 0
github.com/Fairfarren/peekgit/internal/tui/app.go:744.111,746.20 2 0
github.com/Fairfarren/peekgit/internal/tui/app.go:746.20,749.42 3 0
github.com/Fairfarren/peekgit/internal/tui/app.go:749.42,754.8 4 0
github.com/Fairfarren/peekgit/internal/tui/app.go:757.5,757.17 1 0
github.com/Fairfarren/peekgit/internal/tui/app.go:760.3,760.33 1 0
github.com/Fairfarren/peekgit/internal/tui/app.go:760.33,762.4 1 0
github.com/Fairfarren/peekgit/internal/tui/app.go:764.3,765.35 2 0
github.com/Fairfarren/peekgit/internal/tui/app.go:765.35,767.4 1 0
github.com/Fairfarren/peekgit/internal/tui/app.go:768.3,768.48 1 0
github.com/Fairfarren/peekgit/internal/tui/app.go:768.48,768.94 1 0
github.com/Fairfarren/peekgit/internal/tui/app.go:769.3,769.41 1 0
github.com/Fairfarren/peekgit/internal/tui/app.go:773.60,774.24 1 0
github.com/Fairfarren/peekgit/internal/tui/app.go:774.24,779.17 4 0
github.com/Fairfarren/peekgit/internal/tui/app.go:779.17,781.4 1 0
github.com/Fairfarren/peekgit/internal/tui/app.go:782.3,787.90 6 0
github.com/Fairfarren/peekgit/internal/tui/app.go:787.90,791.4 3 0
github.com/Fairfarren/peekgit/internal/tui/app.go:791.9,791.45 1 0
github.com/Fairfarren/peekgit/internal/tui/app.go:791.45,793.4 1 0
github.com/Fairfarren/peekgit/internal/tui/app.go:793.9,798.4 4 0
github.com/Fairfarren/peekgit/internal/tui/app.go:799.3,806.4 1 0
github.com/Fairfarren/peekgit/internal/tui/app.go:810.82,811.25 1 0
github.com/Fairfarren/peekgit/internal/tui/app.go:811.25,812.34 1 0
github.com/Fairfarren/peekgit/internal/tui/app.go:812.34,813.12 1 0
github.com/Fairfarren/peekgit/internal/tui/app.go:815.3,817.9 3 0
github.com/Fairfarren/peekgit/internal/tui/app.go:821.72,822.24 1 0
github.com/Fairfarren/peekgit/internal/tui/app.go:822.24,826.17 4 0
github.com/Fairfarren/peekgit/internal/tui/app.go:826.17,828.4 1 0
github.com/Fairfarren/peekgit/internal/tui/app.go:829.3,830.17 2 0
github.com/Fairfarren/peekgit/internal/tui/app.go:830.17,832.4 1 0
github.com/Fairfarren/peekgit/internal/tui/app.go:833.3,833.38 1 0
github.com/Fairfarren/peekgit/internal/tui/app.go:837.43,838.24 1 0
github.com/Fairfarren/peekgit/internal/tui/app.go:838.24,840.48 2 0
github.com/Fairfarren/peekgit/internal/tui/app.go:840.48,842.4 1 0
github.com/Fairfarren/peekgit/internal/tui/app.go:843.3,843.51 1 0
github.com/Fairfarren/peekgit/internal/tui/app.go:843.51,845.4 1 0
github.com/Fairfarren/peekgit/internal/tui/app.go:846.3,846.16 1 0
github.com/Fairfarren/peekgit/internal/tui/app.go:846.16,848.4 1 0
github.com/Fairfarren/peekgit/internal/tui/app.go:849.3,851.13 3 0
github.com/Fairfarren/peekgit/internal/tui/app.go:855.43,856.30 1 0
github.com/Fairfarren/peekgit/internal/tui/app.go:856.30,858.3 1 0
github.com/Fairfarren/peekgit/internal/tui/app.go:859.2,859.29 1 0
github.com/Fairfarren/peekgit/internal/tui/app.go:859.29,861.3 1 0
github.com/Fairfarren/peekgit/internal/tui/app.go:862.2,862.48 1 0
github.com/Fairfarren/peekgit/internal/tui/app.go:865.46,867.60 2 0
github.com/Fairfarren/peekgit/internal/tui/app.go:867.60,869.3 1 0
github.com/Fairfarren/peekgit/internal/tui/app.go:870.2,870.34 1 0
github.com/Fairfarren/peekgit/internal/tui/app.go:873.40,875.2 1 0
github.com/Fairfarren/peekgit/internal/tui/app.go:877.50,878.43 1 0
github.com/Fairfarren/peekgit/internal/tui/app.go:878.43,880.3 1 0
github.com/Fairfarren/peekgit/internal/tui/app.go:881.2,883.28 3 0
github.com/Fairfarren/peekgit/internal/tui/app.go:883.28,884.56 1 0
github.com/Fairfarren/peekgit/internal/tui/app.go:884.56,886.4 1 0
github.com/Fairfarren/peekgit/internal/tui/app.go:888.2,888.33 1 0
github.com/Fairfarren/peekgit/internal/tui/app.go:888.33,890.3 1 0
github.com/Fairfarren/peekgit/internal/tui/app.go:891.2,891.12 1 0
github.com/Fairfarren/peekgit/internal/tui/app.go:894.31,899.34 4 0
github.com/Fairfarren/peekgit/internal/tui/app.go:899.34,900.29 1 0
github.com/Fairfarren/peekgit/internal/tui/app.go:900.29,903.4 2 0
github.com/Fairfarren/peekgit/internal/tui/app.go:904.3,904.45 1 0
github.com/Fairfarren/peekgit/internal/tui/app.go:904.45,906.4 1 0
github.com/Fairfarren/peekgit/internal/tui/app.go:907.3,907.9 1 0
github.com/Fairfarren/peekgit/internal/tui/app.go:910.2,911.24 2 0
github.com/Fairfarren/peekgit/internal/tui/app.go:911.24,914.3 2 0
github.com/Fairfarren/peekgit/internal/tui/app.go:915.2,915.38 1 0
github.com/Fairfarren/peekgit/internal/tui/app.go:915.38,917.3 1 0
github.com/Fairfarren/peekgit/internal/tui/app.go:920.38,923.35 3 0
github.com/Fairfarren/peekgit/internal/tui/app.go:923.35,925.3 1 0
github.com/Fairfarren/peekgit/internal/tui/app.go:926.2,927.29 2 0
github.com/Fairfarren/peekgit/internal/tui/app.go:927.29,928.69 1 0
github.com/Fairfarren/peekgit/internal/tui/app.go:928.69,930.4 1 0
github.com/Fairfarren/peekgit/internal/tui/app.go:932.2,932.16 1 0
github.com/Fairfarren/peekgit/internal/tui/app.go:935.36,936.25 1 0
github.com/Fairfarren/peekgit/internal/tui/app.go:936.25,938.3 1 0
github.com/Fairfarren/peekgit/internal/tui/app.go:939.2,940.50 2 0
github.com/Fairfarren/peekgit/internal/tui/app.go:943.33,944.32 1 0
github.com/Fairfarren/peekgit/internal/tui/app.go:944.32,946.3 1 0
github.com/Fairfarren/peekgit/internal/tui/app.go:947.2,947.10 1 0
github.com/Fairfarren/peekgit/internal/tui/app.go:950.40,951.24 1 0
github.com/Fairfarren/peekgit/internal/tui/app.go:951.24,953.22 2 0
github.com/Fairfarren/peekgit/internal/tui/app.go:953.22,955.4 1 0
github.com/Fairfarren/peekgit/internal/tui/app.go:956.3,959.52 4 0
github.com/Fairfarren/peekgit/internal/tui/app.go:963.36,964.24 1 0
github.com/Fairfarren/peekgit/internal/tui/app.go:964.24,972.32 6 0
github.com/Fairfarren/peekgit/internal/tui/app.go:972.32,973.53 1 0
github.com/Fairfarren/peekgit/internal/tui/app.go:973.53,976.5 2 0
github.com/Fairfarren/peekgit/internal/tui/app.go:976.10,978.5 1 0
github.com/Fairfarren/peekgit/internal/tui/app.go:980.3,980.80 1 0
github.com/Fairfarren/peekgit/internal/tui/app.go:984.54,986.52 1 0
github.com/Fairfarren/peekgit/internal/tui/app.go:986.52,987.25 1 0
github.com/Fairfarren/peekgit/internal/tui/app.go:987.25,989.4 1 0
github.com/Fairfarren/peekgit/internal/tui/app.go:992.2,994.52 3 0
github.com/Fairfarren/peekgit/internal/tui/app.go:994.52,996.3 1 0
github.com/Fairfarren/peekgit/internal/tui/app.go:1003.28,1004.11 1 0
github.com/Fairfarren/peekgit/internal/tui/app.go:1004.11,1006.3 1 0
github.com/Fairfarren/peekgit/internal/tui/app.go:1007.2,1007.10 1 0
github.com/Fairfarren/peekgit/internal/tui/layout.go:3.72,4.25 1 0
github.com/Fairfarren/peekgit/internal/tui/layout.go:4.25,6.3 1 0
github.com/Fairfarren/peekgit/internal/tui/layout.go:7.2,8.16 2 0
github.com/Fairfarren/peekgit/internal/tui/layout.go:8.16,10.3 1 0
github.com/Fairfarren/peekgit/internal/tui/layout.go:11.2,12.14 2 0
github.com/Fairfarren/peekgit/internal/tui/layout.go:12.14,14.3 1 0
github.com/Fairfarren/peekgit/internal/tui/layout.go:15.2,15.13 1 0
github.com/Fairfarren/peekgit/internal/tui/layout.go:18.69,19.18 1 0
github.com/Fairfarren/peekgit/internal/tui/layout.go:19.18,20.25 1 0
github.com/Fairfarren/peekgit/internal/tui/layout.go:20.25,22.4 1 0
github.com/Fairfarren/peekgit/internal/tui/layout.go:23.3,23.24 1 0
github.com/Fairfarren/peekgit/internal/tui/layout.go:25.2,26.11 2 0
github.com/Fairfarren/peekgit/internal/tui/layout.go:26.11,28.3 1 0
github.com/Fairfarren/peekgit/internal/tui/layout.go:29.2,29.10 1 0
github.com/Fairfarren/peekgit/internal/tui/layout.go:32.69,33.16 1 0
github.com/Fairfarren/peekgit/internal/tui/layout.go:33.16,35.3 1 0
github.com/Fairfarren/peekgit/internal/tui/layout.go:36.2,36.17 1 0
github.com/Fairfarren/peekgit/internal/tui/layout.go:36.17,38.3 1 0
github.com/Fairfarren/peekgit/internal/tui/layout.go:39.2,39.22 1 0
github.com/Fairfarren/peekgit/internal/tui/layout.go:39.22,41.3 1 0
github.com/Fairfarren/peekgit/internal/tui/layout.go:43.2,44.13 2 0
github.com/Fairfarren/peekgit/internal/tui/layout.go:45.12,46.27 1 0
github.com/Fairfarren/peekgit/internal/tui/layout.go:47.14,48.27 1 0
github.com/Fairfarren/peekgit/internal/tui/layout.go:49.14,50.21 1 0
github.com/Fairfarren/peekgit/internal/tui/layout.go:51.15,52.21 1 0
github.com/Fairfarren/peekgit/internal/tui/layout.go:53.10,54.17 1 0
github.com/Fairfarren/peekgit/internal/tui/layout.go:57.2,57.14 1 0
github.com/Fairfarren/peekgit/internal/tui/layout.go:57.14,59.3 1 0
github.com/Fairfarren/peekgit/internal/tui/layout.go:60.2,60.19 1 0
github.com/Fairfarren/peekgit/internal/tui/layout.go:60.19,62.3 1 0
github.com/Fairfarren/peekgit/internal/tui/layout.go:63.2,63.13 1 0
github.com/Fairfarren/peekgit/internal/tui/styles.go:47.77,49.15 2 0
github.com/Fairfarren/peekgit/internal/tui/styles.go:50.24,51.37 1 0
github.com/Fairfarren/peekgit/internal/tui/styles.go:52.23,53.36 1 0
github.com/Fairfarren/peekgit/internal/tui/styles.go:54.24,55.37 1 0
github.com/Fairfarren/peekgit/internal/tui/styles.go:56.26,57.39 1 0
github.com/Fairfarren/peekgit/internal/tui/styles.go:58.10,59.38 1 0
github.com/Fairfarren/peekgit/internal/tui/styles.go:63.38,65.29 2 0
github.com/Fairfarren/peekgit/internal/tui/styles.go:65.29,66.10 1 0
github.com/Fairfarren/peekgit/internal/tui/styles.go:67.46,68.41 1 0
github.com/Fairfarren/peekgit/internal/tui/styles.go:74.44,75.41 1 0
github.com/Fairfarren/peekgit/internal/tui/styles.go:77.36,78.41 1 0
github.com/Fairfarren/peekgit/internal/tui/styles.go:79.38,80.41 1 0
github.com/Fairfarren/peekgit/internal/tui/styles.go:81.37,82.40 1 0
github.com/Fairfarren/peekgit/internal/tui/styles.go:83.37,84.40 1 0
github.com/Fairfarren/peekgit/internal/tui/styles.go:87.2,87.34 1 0
github.com/Fairfarren/peekgit/internal/workspace/scan.go:14.61,16.2 1 1
github.com/Fairfarren/peekgit/internal/workspace/scan.go:18.39,19.17 1 0
github.com/Fairfarren/peekgit/internal/workspace/scan.go:19.17,21.3 1 0
github.com/Fairfarren/peekgit/internal/workspace/scan.go:22.2,22.35 1 0
github.com/Fairfarren/peekgit/internal/workspace/scan.go:22.35,24.3 1 0
github.com/Fairfarren/peekgit/internal/workspace/scan.go:25.2,25.61 1 0
github.com/Fairfarren/peekgit/internal/workspace/scan.go:25.61,27.3 1 0
github.com/Fairfarren/peekgit/internal/workspace/scan.go:28.2,28.25 1 0
github.com/Fairfarren/peekgit/internal/workspace/scan.go:28.25,30.3 1 0
github.com/Fairfarren/peekgit/internal/workspace/scan.go:31.2,31.14 1 0
github.com/Fairfarren/peekgit/internal/workspace/scan.go:34.61,36.26 2 1
github.com/Fairfarren/peekgit/internal/workspace/scan.go:36.26,38.17 2 1
github.com/Fairfarren/peekgit/internal/workspace/scan.go:38.17,39.12 1 0
github.com/Fairfarren/peekgit/internal/workspace/scan.go:42.3,43.24 2 1
github.com/Fairfarren/peekgit/internal/workspace/scan.go:43.24,44.12 1 0
github.com/Fairfarren/peekgit/internal/workspace/scan.go:46.3,46.78 1 1
github.com/Fairfarren/peekgit/internal/workspace/scan.go:48.2,48.19 1 1
github.com/Fairfarren/peekgit/internal/workspace/scan.go:52.43,55.16 3 1
github.com/Fairfarren/peekgit/internal/workspace/scan.go:55.16,56.25 1 0
github.com/Fairfarren/peekgit/internal/workspace/scan.go:56.25,58.4 1 0
github.com/Fairfarren/peekgit/internal/workspace/scan.go:59.3,59.20 1 0
github.com/Fairfarren/peekgit/internal/workspace/scan.go:62.2,62.18 1 1
github.com/Fairfarren/peekgit/internal/workspace/scan.go:62.18,64.3 1 1
github.com/Fairfarren/peekgit/internal/workspace/scan.go:66.2,67.16 2 0
github.com/Fairfarren/peekgit/internal/workspace/scan.go:67.16,69.3 1 0
github.com/Fairfarren/peekgit/internal/workspace/scan.go:70.2,71.41 2 0
github.com/Fairfarren/peekgit/internal/workspace/scan.go:71.41,73.3 1 0
github.com/Fairfarren/peekgit/internal/workspace/scan.go:74.2,75.16 2 0
github.com/Fairfarren/peekgit/internal/workspace/scan.go:75.16,77.3 1 0
github.com/Fairfarren/peekgit/internal/workspace/scan.go:78.2,78.27 1 0
github.com/Fairfarren/peekgit/internal/workspace/scan.go:78.27,80.3 1 0
github.com/Fairfarren/peekgit/internal/workspace/scan.go:81.2,82.16 2 0
github.com/Fairfarren/peekgit/internal/workspace/scan.go:82.16,83.25 1 0
github.com/Fairfarren/peekgit/internal/workspace/scan.go:83.25,85.4 1 0
github.com/Fairfarren/peekgit/internal/workspace/scan.go:86.3,86.20 1 0
github.com/Fairfarren/peekgit/internal/workspace/scan.go:88.2,88.24 1 0
github.com/Fairfarren/peekgit/cmd/repo-monitor/main.go:13.46,17.2 3 0
github.com/Fairfarren/peekgit/cmd/repo-monitor/main.go:19.13,22.2 2 0
github.com/Fairfarren/peekgit/cmd/repo-monitor/main.go:24.47,26.16 2 0
github.com/Fairfarren/peekgit/cmd/repo-monitor/main.go:26.16,29.3 2 0
github.com/Fairfarren/peekgit/cmd/repo-monitor/main.go:31.2,32.40 2 0
github.com/Fairfarren/peekgit/cmd/repo-monitor/main.go:32.40,35.3 2 0
github.com/Fairfarren/peekgit/cmd/repo-monitor/main.go:36.2,36.10 1 0
github.com/Fairfarren/peekgit/internal/cache/ttl.go:19.57,24.2 1 1
github.com/Fairfarren/peekgit/internal/cache/ttl.go:26.64,31.38 4 1
github.com/Fairfarren/peekgit/internal/cache/ttl.go:31.38,34.3 2 1
github.com/Fairfarren/peekgit/internal/cache/ttl.go:35.2,35.25 1 1
github.com/Fairfarren/peekgit/internal/cache/ttl.go:38.63,45.2 3 1
github.com/Fairfarren/peekgit/internal/config/config.go:30.47,32.16 2 0
github.com/Fairfarren/peekgit/internal/config/config.go:32.16,34.3 1 0
github.com/Fairfarren/peekgit/internal/config/config.go:35.2,38.16 3 0
github.com/Fairfarren/peekgit/internal/config/config.go:38.16,39.25 1 0
github.com/Fairfarren/peekgit/internal/config/config.go:39.25,41.4 1 0
github.com/Fairfarren/peekgit/internal/config/config.go:42.3,42.29 1 0
github.com/Fairfarren/peekgit/internal/config/config.go:45.2,46.51 2 0
github.com/Fairfarren/peekgit/internal/config/config.go:46.51,48.3 1 0
github.com/Fairfarren/peekgit/internal/config/config.go:51.2,51.44 1 0
github.com/Fairfarren/peekgit/internal/config/config.go:51.44,52.27 1 0
github.com/Fairfarren/peekgit/internal/config/config.go:52.27,53.33 1 0
github.com/Fairfarren/peekgit/internal/config/config.go:53.33,55.5 1 0
github.com/Fairfarren/peekgit/internal/config/config.go:59.2,59.17 1 0
github.com/Fairfarren/peekgit/internal/config/config.go:62.43,68.39 5 0
github.com/Fairfarren/peekgit/internal/config/config.go:68.39,70.3 1 0
github.com/Fairfarren/peekgit/internal/config/config.go:72.2,73.16 2 0
github.com/Fairfarren/peekgit/internal/config/config.go:73.16,75.3 1 0
github.com/Fairfarren/peekgit/internal/config/config.go:77.2,77.20 1 0
github.com/Fairfarren/peekgit/internal/config/config.go:77.20,79.3 1 0
github.com/Fairfarren/peekgit/internal/config/config.go:80.2,80.23 1 0
github.com/Fairfarren/peekgit/internal/config/config.go:80.23,82.3 1 0
github.com/Fairfarren/peekgit/internal/config/config.go:84.2,89.8 1 0
github.com/Fairfarren/peekgit/internal/gitcli/repo.go:24.17,24.52 1 0
github.com/Fairfarren/peekgit/internal/gitcli/repo.go:26.40,26.65 1 0
github.com/Fairfarren/peekgit/internal/gitcli/repo.go:30.90,37.34 7 0
github.com/Fairfarren/peekgit/internal/gitcli/repo.go:37.34,38.23 1 0
github.com/Fairfarren/peekgit/internal/gitcli/repo.go:38.23,40.4 1 0
github.com/Fairfarren/peekgit/internal/gitcli/repo.go:41.3,41.17 1 0
github.com/Fairfarren/peekgit/internal/gitcli/repo.go:43.2,43.45 1 0
github.com/Fairfarren/peekgit/internal/gitcli/repo.go:46.99,49.91 2 0
github.com/Fairfarren/peekgit/internal/gitcli/repo.go:49.91,52.3 2 0
github.com/Fairfarren/peekgit/internal/gitcli/repo.go:54.2,57.84 3 0
github.com/Fairfarren/peekgit/internal/gitcli/repo.go:57.84,59.3 1 0
github.com/Fairfarren/peekgit/internal/gitcli/repo.go:61.2,61.43 1 0
github.com/Fairfarren/peekgit/internal/gitcli/repo.go:61.43,62.95 1 0
github.com/Fairfarren/peekgit/internal/gitcli/repo.go:62.95,64.4 1 0
github.com/Fairfarren/peekgit/internal/gitcli/repo.go:67.2,70.20 3 0
github.com/Fairfarren/peekgit/internal/gitcli/repo.go:70.20,72.17 2 0
github.com/Fairfarren/peekgit/internal/gitcli/repo.go:72.17,76.4 3 0
github.com/Fairfarren/peekgit/internal/gitcli/repo.go:76.9,78.4 1 0
github.com/Fairfarren/peekgit/internal/gitcli/repo.go:79.8,81.3 1 0
github.com/Fairfarren/peekgit/internal/gitcli/repo.go:83.2,84.15 2 0
github.com/Fairfarren/peekgit/internal/gitcli/repo.go:87.74,89.32 2 0
github.com/Fairfarren/peekgit/internal/gitcli/repo.go:89.32,91.3 1 0
github.com/Fairfarren/peekgit/internal/gitcli/repo.go:92.2,93.29 2 0
github.com/Fairfarren/peekgit/internal/gitcli/repo.go:93.29,95.3 1 0
github.com/Fairfarren/peekgit/internal/gitcli/repo.go:96.2,96.26 1 0
github.com/Fairfarren/peekgit/internal/gitcli/repo.go:99.91,101.28 2 0
github.com/Fairfarren/peekgit/internal/gitcli/repo.go:101.28,103.3 1 0
github.com/Fairfarren/peekgit/internal/gitcli/repo.go:104.2,104.60 1 0
github.com/Fairfarren/peekgit/internal/gitcli/repo.go:104.60,106.3 1 0
github.com/Fairfarren/peekgit/internal/gitcli/repo.go:107.2,108.103 2 0
github.com/Fairfarren/peekgit/internal/gitcli/repo.go:108.103,110.3 1 0
github.com/Fairfarren/peekgit/internal/gitcli/repo.go:111.2,111.11 1 0
github.com/Fairfarren/peekgit/internal/gitcli/repo.go:114.100,116.16 2 0
github.com/Fairfarren/peekgit/internal/gitcli/repo.go:116.16,118.3 1 0
github.com/Fairfarren/peekgit/internal/gitcli/repo.go:119.2,120.21 2 0
github.com/Fairfarren/peekgit/internal/gitcli/repo.go:120.21,122.3 1 0
github.com/Fairfarren/peekgit/internal/gitcli/repo.go:123.2,124.16 2 0
github.com/Fairfarren/peekgit/internal/gitcli/repo.go:124.16,126.3 1 0
github.com/Fairfarren/peekgit/internal/gitcli/repo.go:127.2,128.16 2 0
github.com/Fairfarren/peekgit/internal/gitcli/repo.go:128.16,130.3 1 0
github.com/Fairfarren/peekgit/internal/gitcli/repo.go:131.2,131.27 1 0
github.com/Fairfarren/peekgit/internal/gitcli/repo.go:134.66,136.16 2 0
github.com/Fairfarren/peekgit/internal/gitcli/repo.go:136.16,138.3 1 0
github.com/Fairfarren/peekgit/internal/gitcli/repo.go:139.2,139.37 1 0
github.com/Fairfarren/peekgit/internal/gitcli/repo.go:142.58,143.9 1 0
github.com/Fairfarren/peekgit/internal/gitcli/repo.go:144.33,145.26 1 0
github.com/Fairfarren/peekgit/internal/gitcli/repo.go:146.32,147.25 1 0
github.com/Fairfarren/peekgit/internal/gitcli/repo.go:148.32,149.26 1 0
github.com/Fairfarren/peekgit/internal/gitcli/repo.go:150.31,151.28 1 0
github.com/Fairfarren/peekgit/internal/gitcli/repo.go:152.10,153.27 1 0
github.com/Fairfarren/peekgit/internal/gitcli/repo.go:157.102,159.16 2 0
github.com/Fairfarren/peekgit/internal/gitcli/repo.go:159.16,161.3 1 0
github.com/Fairfarren/peekgit/internal/gitcli/repo.go:162.2,162.28 1 0
github.com/Fairfarren/peekgit/internal/gitcli/repo.go:165.63,169.45 3 0
github.com/Fairfarren/peekgit/internal/gitcli/repo.go:169.45,172.22 3 0
github.com/Fairfarren/peekgit/internal/gitcli/repo.go:172.22,174.4 1 0
github.com/Fairfarren/peekgit/internal/gitcli/repo.go:177.2,177.49 1 0
github.com/Fairfarren/peekgit/internal/gitcli/repo.go:177.49,181.22 4 0
github.com/Fairfarren/peekgit/internal/gitcli/repo.go:181.22,183.4 1 0
github.com/Fairfarren/peekgit/internal/gitcli/repo.go:186.2,186.53 1 0
github.com/Fairfarren/peekgit/internal/gitcli/repo.go:189.106,191.16 2 0
github.com/Fairfarren/peekgit/internal/gitcli/repo.go:191.16,193.3 1 0
github.com/Fairfarren/peekgit/internal/gitcli/repo.go:194.2,194.34 1 0
github.com/Fairfarren/peekgit/internal/gitcli/repo.go:194.34,196.3 1 0
github.com/Fairfarren/peekgit/internal/gitcli/repo.go:197.2,199.29 3 0
github.com/Fairfarren/peekgit/internal/gitcli/repo.go:199.29,201.22 2 0
github.com/Fairfarren/peekgit/internal/gitcli/repo.go:201.22,202.12 1 0
github.com/Fairfarren/peekgit/internal/gitcli/repo.go:204.3,206.23 3 0
github.com/Fairfarren/peekgit/internal/gitcli/repo.go:206.23,208.18 2 0
github.com/Fairfarren/peekgit/internal/gitcli/repo.go:208.18,212.5 3 0
github.com/Fairfarren/peekgit/internal/gitcli/repo.go:212.10,214.5 1 0
github.com/Fairfarren/peekgit/internal/gitcli/repo.go:215.9,217.4 1 0
github.com/Fairfarren/peekgit/internal/gitcli/repo.go:218.3,218.33 1 0
github.com/Fairfarren/peekgit/internal/gitcli/repo.go:220.2,220.22 1 0
github.com/Fairfarren/peekgit/internal/gitcli/repo.go:223.93,226.2 2 0
github.com/Fairfarren/peekgit/internal/gitcli/repo.go:229.64,232.2 2 0
github.com/Fairfarren/peekgit/internal/model/types.go:71.64,72.15 1 0
github.com/Fairfarren/peekgit/internal/model/types.go:73.18,74.15 1 0
github.com/Fairfarren/peekgit/internal/model/types.go:75.17,76.29 1 0
github.com/Fairfarren/peekgit/internal/model/types.go:77.18,78.30 1 0
github.com/Fairfarren/peekgit/internal/model/types.go:79.20,80.53 1 0
github.com/Fairfarren/peekgit/internal/model/types.go:81.10,82.15 1 0
github.com/Fairfarren/peekgit/internal/model/types.go:86.25,87.12 1 0
github.com/Fairfarren/peekgit/internal/model/types.go:87.12,89.3 1 0
github.com/Fairfarren/peekgit/internal/model/types.go:90.2,91.9 2 0
github.com/Fairfarren/peekgit/internal/model/types.go:91.9,93.3 1 0
github.com/Fairfarren/peekgit/internal/model/types.go:94.2,95.12 2 0
github.com/Fairfarren/peekgit/internal/model/types.go:95.12,99.3 3 0
github.com/Fairfarren/peekgit/internal/model/types.go:100.2,100.9 1 0
github.com/Fairfarren/peekgit/internal/model/types.go:100.9,102.3 1 0
github.com/Fairfarren/peekgit/internal/model/types.go:103.2,103.18 1 0
github.com/Fairfarren/peekgit/internal/provider/github/client.go:20.64,23.16 3 0
github.com/Fairfarren/peekgit/internal/provider/github/client.go:23.16,25.3 1 0
github.com/Fairfarren/peekgit/internal/provider/github/client.go:26.2,26.44 1 0
github.com/Fairfarren/peekgit/internal/provider/github/client.go:37.54,38.14 1 0
github.com/Fairfarren/peekgit/internal/provider/github/client.go:38.14,40.3 1 0
github.com/Fairfarren/peekgit/internal/provider/github/client.go:41.2,42.17 2 0
github.com/Fairfarren/peekgit/internal/provider/github/client.go:42.17,44.3 1 0
github.com/Fairfarren/peekgit/internal/provider/github/client.go:45.2,53.3 3 0
github.com/Fairfarren/peekgit/internal/provider/github/client.go:56.47,57.72 1 0
github.com/Fairfarren/peekgit/internal/provider/github/client.go:57.72,59.3 1 0
github.com/Fairfarren/peekgit/internal/provider/github/client.go:60.2,61.16 2 0
github.com/Fairfarren/peekgit/internal/provider/github/client.go:61.16,63.3 1 0
github.com/Fairfarren/peekgit/internal/provider/github/client.go:64.2,64.33 1 0
github.com/Fairfarren/peekgit/internal/provider/github/client.go:67.39,67.75 1 0
github.com/Fairfarren/peekgit/internal/provider/github/client.go:69.107,70.24 1 0
github.com/Fairfarren/peekgit/internal/provider/github/client.go:70.24,72.3 1 0
github.com/Fairfarren/peekgit/internal/provider/github/client.go:73.2,74.54 2 0
github.com/Fairfarren/peekgit/internal/provider/github/client.go:74.54,76.3 1 0
github.com/Fairfarren/peekgit/internal/provider/github/client.go:77.2,79.16 3 0
github.com/Fairfarren/peekgit/internal/provider/github/client.go:79.16,81.3 1 0
github.com/Fairfarren/peekgit/internal/provider/github/client.go:82.2,83.25 2 0
github.com/Fairfarren/peekgit/internal/provider/github/client.go:83.25,92.3 1 0
github.com/Fairfarren/peekgit/internal/provider/github/client.go:93.2,94.17 2 0
github.com/Fairfarren/peekgit/internal/provider/github/client.go:97.104,98.24 1 0
github.com/Fairfarren/peekgit/internal/provider/github/client.go:98.24,100.3 1 0
github.com/Fairfarren/peekgit/internal/provider/github/client.go:101.2,102.57 2 0
github.com/Fairfarren/peekgit/internal/provider/github/client.go:102.57,104.3 1 0
github.com/Fairfarren/peekgit/internal/provider/github/client.go:105.2,107.16 3 0
github.com/Fairfarren/peekgit/internal/provider/github/client.go:107.16,109.3 1 0
github.com/Fairfarren/peekgit/internal/provider/github/client.go:110.2,111.27 2 0
github.com/Fairfarren/peekgit/internal/provider/github/client.go:111.27,112.25 1 0
github.com/Fairfarren/peekgit/internal/provider/github/client.go:112.25,113.12 1 0
github.com/Fairfarren/peekgit/internal/provider/github/client.go:115.3,116.31 2 0
github.com/Fairfarren/peekgit/internal/provider/github/client.go:116.31,118.4 1 0
github.com/Fairfarren/peekgit/internal/provider/github/client.go:119.3,126.5 1 0
github.com/Fairfarren/peekgit/internal/provider/github/client.go:128.2,129.17 2 0
github.com/Fairfarren/peekgit/internal/provider/github/client.go:132.110,133.24 1 0
github.com/Fairfarren/peekgit/internal/provider/github/client.go:133.24,135.3 1 0
github.com/Fairfarren/peekgit/internal/provider/github/client.go:136.2,137.56 2 0
github.com/Fairfarren/peekgit/internal/provider/github/client.go:137.56,139.3 1 0
github.com/Fairfarren/peekgit/internal/provider/github/client.go:140.2,141.16 2 0
github.com/Fairfarren/peekgit/internal/provider/github/client.go:141.16,143.3 1 0
github.com/Fairfarren/peekgit/internal/provider/github/client.go:144.2,145.17 2 0
github.com/Fairfarren/peekgit/internal/tui/app.go:116.34,118.39 2 0
github.com/Fairfarren/peekgit/internal/tui/app.go:118.39,120.3 1 0
github.com/Fairfarren/peekgit/internal/tui/app.go:121.2,125.27 3 0
github.com/Fairfarren/peekgit/internal/tui/app.go:125.27,129.3 3 0
github.com/Fairfarren/peekgit/internal/tui/app.go:131.2,147.22 2 0
github.com/Fairfarren/peekgit/internal/tui/app.go:147.23,150.3 0 0
github.com/Fairfarren/peekgit/internal/tui/app.go:152.2,152.12 1 0
github.com/Fairfarren/peekgit/internal/tui/app.go:155.30,157.2 1 0
github.com/Fairfarren/peekgit/internal/tui/app.go:159.39,160.84 1 0
github.com/Fairfarren/peekgit/internal/tui/app.go:160.84,162.3 1 0
github.com/Fairfarren/peekgit/internal/tui/app.go:165.56,166.25 1 0
github.com/Fairfarren/peekgit/internal/tui/app.go:167.25,173.16 6 0
github.com/Fairfarren/peekgit/internal/tui/app.go:176.22,178.19 2 0
github.com/Fairfarren/peekgit/internal/tui/app.go:178.19,181.4 2 0
github.com/Fairfarren/peekgit/internal/tui/app.go:182.3,184.24 3 0
github.com/Fairfarren/peekgit/internal/tui/app.go:184.24,186.4 1 0
github.com/Fairfarren/peekgit/internal/tui/app.go:186.9,186.45 1 0
github.com/Fairfarren/peekgit/internal/tui/app.go:186.45,188.4 1 0
github.com/Fairfarren/peekgit/internal/tui/app.go:189.3,190.16 2 0
github.com/Fairfarren/peekgit/internal/tui/app.go:192.23,193.40 1 0
github.com/Fairfarren/peekgit/internal/tui/app.go:193.40,195.4 1 0
github.com/Fairfarren/peekgit/internal/tui/app.go:196.3,200.16 5 0
github.com/Fairfarren/peekgit/internal/tui/app.go:202.21,204.19 2 0
github.com/Fairfarren/peekgit/internal/tui/app.go:204.19,207.4 2 0
github.com/Fairfarren/peekgit/internal/tui/app.go:208.3,212.16 5 0
github.com/Fairfarren/peekgit/internal/tui/app.go:214.19,215.19 1 0
github.com/Fairfarren/peekgit/internal/tui/app.go:215.19,217.4 1 0
github.com/Fairfarren/peekgit/internal/tui/app.go:217.9,219.4 1 0
github.com/Fairfarren/peekgit/internal/tui/app.go:220.3,220.30 1 0
github.com/Fairfarren/peekgit/internal/tui/app.go:222.22,223.39 1 0
github.com/Fairfarren/peekgit/internal/tui/app.go:223.39,225.4 1 0
github.com/Fairfarren/peekgit/internal/tui/app.go:225.9,227.4 1 0
github.com/Fairfarren/peekgit/internal/tui/app.go:228.3,228.30 1 0
github.com/Fairfarren/peekgit/internal/tui/app.go:230.22,231.19 1 0
github.com/Fairfarren/peekgit/internal/tui/app.go:231.19,233.4 1 0
github.com/Fairfarren/peekgit/internal/tui/app.go:233.9,235.4 1 0
github.com/Fairfarren/peekgit/internal/tui/app.go:236.3,236.30 1 0
github.com/Fairfarren/peekgit/internal/tui/app.go:238.15,239.29 1 0
github.com/Fairfarren/peekgit/internal/tui/app.go:239.29,241.4 1 0
github.com/Fairfarren/peekgit/internal/tui/app.go:242.3,242.39 1 0
github.com/Fairfarren/peekgit/internal/tui/app.go:244.18,245.19 1 0
github.com/Fairfarren/peekgit/internal/tui/app.go:245.19,247.4 1 0
github.com/Fairfarren/peekgit/internal/tui/app.go:248.3,248.19 1 0
github.com/Fairfarren/peekgit/internal/tui/app.go:248.19,250.4 1 0
github.com/Fairfarren/peekgit/internal/tui/app.go:251.3,251.19 1 0
github.com/Fairfarren/peekgit/internal/tui/app.go:252.25,253.32 1 0
github.com/Fairfarren/peekgit/internal/tui/app.go:254.19,255.26 1 0
github.com/Fairfarren/peekgit/internal/tui/app.go:256.21,257.28 1 0
github.com/Fairfarren/peekgit/internal/tui/app.go:258.19,259.26 1 0
github.com/Fairfarren/peekgit/internal/tui/app.go:262.2,262.15 1 0
github.com/Fairfarren/peekgit/internal/tui/app.go:265.69,266.28 1 0
github.com/Fairfarren/peekgit/internal/tui/app.go:266.28,267.54 1 0
github.com/Fairfarren/peekgit/internal/tui/app.go:267.54,269.4 1 0
github.com/Fairfarren/peekgit/internal/tui/app.go:270.3,270.16 1 0
github.com/Fairfarren/peekgit/internal/tui/app.go:273.2,273.22 1 0
github.com/Fairfarren/peekgit/internal/tui/app.go:274.21,275.21 1 0
github.com/Fairfarren/peekgit/internal/tui/app.go:276.17,277.87 1 0
github.com/Fairfarren/peekgit/internal/tui/app.go:278.19,279.89 1 0
github.com/Fairfarren/peekgit/internal/tui/app.go:280.19,281.89 1 0
github.com/Fairfarren/peekgit/internal/tui/app.go:282.20,283.90 1 0
github.com/Fairfarren/peekgit/internal/tui/app.go:284.20,288.30 4 0
github.com/Fairfarren/peekgit/internal/tui/app.go:290.2,290.15 1 0
github.com/Fairfarren/peekgit/internal/tui/app.go:293.70,294.22 1 0
github.com/Fairfarren/peekgit/internal/tui/app.go:295.13,296.23 1 0
github.com/Fairfarren/peekgit/internal/tui/app.go:297.15,298.23 1 0
github.com/Fairfarren/peekgit/internal/tui/app.go:299.19,300.28 1 0
github.com/Fairfarren/peekgit/internal/tui/app.go:300.28,302.4 1 0
github.com/Fairfarren/peekgit/internal/tui/app.go:303.10,304.31 1 0
github.com/Fairfarren/peekgit/internal/tui/app.go:304.31,306.4 1 0
github.com/Fairfarren/peekgit/internal/tui/app.go:308.2,309.15 2 0
github.com/Fairfarren/peekgit/internal/tui/app.go:312.70,313.22 1 0
github.com/Fairfarren/peekgit/internal/tui/app.go:314.13,316.21 2 0
github.com/Fairfarren/peekgit/internal/tui/app.go:317.15,320.28 3 0
github.com/Fairfarren/peekgit/internal/tui/app.go:321.19,322.29 1 0
github.com/Fairfarren/peekgit/internal/tui/app.go:322.29,324.4 1 0
github.com/Fairfarren/peekgit/internal/tui/app.go:325.10,326.31 1 0
github.com/Fairfarren/peekgit/internal/tui/app.go:326.31,328.4 1 0
github.com/Fairfarren/peekgit/internal/tui/app.go:330.2,330.15 1 0
github.com/Fairfarren/peekgit/internal/tui/app.go:333.63,335.23 2 0
github.com/Fairfarren/peekgit/internal/tui/app.go:335.23,336.23 1 0
github.com/Fairfarren/peekgit/internal/tui/app.go:337.22,338.22 1 0
github.com/Fairfarren/peekgit/internal/tui/app.go:339.12,341.31 2 0
github.com/Fairfarren/peekgit/internal/tui/app.go:343.3,343.16 1 0
github.com/Fairfarren/peekgit/internal/tui/app.go:346.2,346.22 1 0
github.com/Fairfarren/peekgit/internal/tui/app.go:347.18,351.16 4 0
github.com/Fairfarren/peekgit/internal/tui/app.go:352.16,353.21 1 0
github.com/Fairfarren/peekgit/internal/tui/app.go:354.11,356.30 2 0
github.com/Fairfarren/peekgit/internal/tui/app.go:357.11,359.16 2 0
github.com/Fairfarren/peekgit/internal/tui/app.go:360.17,361.78 1 0
github.com/Fairfarren/peekgit/internal/tui/app.go:362.19,363.80 1 0
github.com/Fairfarren/peekgit/internal/tui/app.go:364.19,365.80 1 0
github.com/Fairfarren/peekgit/internal/tui/app.go:366.20,367.81 1 0
github.com/Fairfarren/peekgit/internal/tui/app.go:368.20,374.54 6 0
github.com/Fairfarren/peekgit/internal/tui/app.go:375.11,376.23 1 0
github.com/Fairfarren/peekgit/internal/tui/app.go:376.23,379.4 2 0
github.com/Fairfarren/peekgit/internal/tui/app.go:380.11,381.23 1 0
github.com/Fairfarren/peekgit/internal/tui/app.go:381.23,384.4 2 0
github.com/Fairfarren/peekgit/internal/tui/app.go:385.11,386.23 1 0
github.com/Fairfarren/peekgit/internal/tui/app.go:386.23,389.4 2 0
github.com/Fairfarren/peekgit/internal/tui/app.go:391.2,391.15 1 0
github.com/Fairfarren/peekgit/internal/tui/app.go:394.65,396.22 2 0
github.com/Fairfarren/peekgit/internal/tui/app.go:397.24,399.16 2 0
github.com/Fairfarren/peekgit/internal/tui/app.go:400.11,401.25 1 0
github.com/Fairfarren/peekgit/internal/tui/app.go:401.25,403.4 1 0
github.com/Fairfarren/peekgit/internal/tui/app.go:404.3,404.37 1 0
github.com/Fairfarren/peekgit/internal/tui/app.go:405.22,406.48 1 0
github.com/Fairfarren/peekgit/internal/tui/app.go:407.27,408.48 1 0
github.com/Fairfarren/peekgit/internal/tui/app.go:409.11,410.22 1 0
github.com/Fairfarren/peekgit/internal/tui/app.go:411.11,412.25 1 0
github.com/Fairfarren/peekgit/internal/tui/app.go:414.11,415.34 1 0
github.com/Fairfarren/peekgit/internal/tui/app.go:416.11,417.48 1 0
github.com/Fairfarren/peekgit/internal/tui/app.go:417.48,422.4 4 0
github.com/Fairfarren/peekgit/internal/tui/app.go:423.17,424.48 1 0
github.com/Fairfarren/peekgit/internal/tui/app.go:424.48,426.4 1 0
github.com/Fairfarren/peekgit/internal/tui/app.go:427.3,427.51 1 0
github.com/Fairfarren/peekgit/internal/tui/app.go:427.51,429.4 1 0
github.com/Fairfarren/peekgit/internal/tui/app.go:430.19,431.62 1 0
github.com/Fairfarren/peekgit/internal/tui/app.go:431.62,433.4 1 0
github.com/Fairfarren/peekgit/internal/tui/app.go:434.3,434.65 1 0
github.com/Fairfarren/peekgit/internal/tui/app.go:434.65,436.4 1 0
github.com/Fairfarren/peekgit/internal/tui/app.go:438.2,438.15 1 0
github.com/Fairfarren/peekgit/internal/tui/app.go:441.63,442.25 1 0
github.com/Fairfarren/peekgit/internal/tui/app.go:442.25,445.3 2 0
github.com/Fairfarren/peekgit/internal/tui/app.go:446.2,446.25 1 0
github.com/Fairfarren/peekgit/internal/tui/app.go:446.25,450.3 3 0
github.com/Fairfarren/peekgit/internal/tui/app.go:451.2,451.25 1 0
github.com/Fairfarren/peekgit/internal/tui/app.go:451.25,454.3 2 0
github.com/Fairfarren/peekgit/internal/tui/app.go:455.2,455.25 1 0
github.com/Fairfarren/peekgit/internal/tui/app.go:455.25,458.3 2 0
github.com/Fairfarren/peekgit/internal/tui/app.go:459.2,461.15 3 0
github.com/Fairfarren/peekgit/internal/tui/app.go:464.29,465.35 1 0
github.com/Fairfarren/peekgit/internal/tui/app.go:465.35,467.3 1 0
github.com/Fairfarren/peekgit/internal/tui/app.go:468.2,468.18 1 0
github.com/Fairfarren/peekgit/internal/tui/app.go:469.24,470.28 1 0
github.com/Fairfarren/peekgit/internal/tui/app.go:471.18,472.22 1 0
github.com/Fairfarren/peekgit/internal/tui/app.go:473.20,474.24 1 0
github.com/Fairfarren/peekgit/internal/tui/app.go:475.18,476.22 1 0
github.com/Fairfarren/peekgit/internal/tui/app.go:477.10,478.12 1 0
github.com/Fairfarren/peekgit/internal/tui/app.go:482.39,488.28 4 0
github.com/Fairfarren/peekgit/internal/tui/app.go:488.28,492.3 3 0
github.com/Fairfarren/peekgit/internal/tui/app.go:494.2,495.52 2 0
github.com/Fairfarren/peekgit/internal/tui/app.go:495.52,497.30 2 0
github.com/Fairfarren/peekgit/internal/tui/app.go:497.30,499.4 1 0
github.com/Fairfarren/peekgit/internal/tui/app.go:500.3,501.28 2 0
github.com/Fairfarren/peekgit/internal/tui/app.go:501.28,504.4 2 0
github.com/Fairfarren/peekgit/internal/tui/app.go:505.3,505.22 1 0
github.com/Fairfarren/peekgit/internal/tui/app.go:505.22,507.12 2 0
github.com/Fairfarren/peekgit/internal/tui/app.go:509.3,510.32 2 0
github.com/Fairfarren/peekgit/internal/tui/app.go:510.32,511.15 1 0
github.com/Fairfarren/peekgit/internal/tui/app.go:511.15,513.5 1 0
github.com/Fairfarren/peekgit/internal/tui/app.go:514.4,514.37 1 0
github.com/Fairfarren/peekgit/internal/tui/app.go:516.3,516.74 1 0
github.com/Fairfarren/peekgit/internal/tui/app.go:519.2,521.34 3 0
github.com/Fairfarren/peekgit/internal/tui/app.go:524.70,526.14 2 0
github.com/Fairfarren/peekgit/internal/tui/app.go:526.14,528.3 1 0
github.com/Fairfarren/peekgit/internal/tui/app.go:529.2,538.44 4 0
github.com/Fairfarren/peekgit/internal/tui/app.go:541.33,543.68 2 0
github.com/Fairfarren/peekgit/internal/tui/app.go:543.68,545.3 1 0
github.com/Fairfarren/peekgit/internal/tui/app.go:546.2,547.18 2 0
github.com/Fairfarren/peekgit/internal/tui/app.go:547.18,549.3 1 0
github.com/Fairfarren/peekgit/internal/tui/app.go:550.2,551.26 2 0
github.com/Fairfarren/peekgit/internal/tui/app.go:551.26,553.3 1 0
github.com/Fairfarren/peekgit/internal/tui/app.go:554.2,555.18 2 0
github.com/Fairfarren/peekgit/internal/tui/app.go:555.18,557.3 1 0
github.com/Fairfarren/peekgit/internal/tui/app.go:559.2,560.21 2 0
github.com/Fairfarren/peekgit/internal/tui/app.go:560.21,562.3 1 0
github.com/Fairfarren/peekgit/internal/tui/app.go:563.2,563.15 1 0
github.com/Fairfarren/peekgit/internal/tui/app.go:563.15,565.3 1 0
github.com/Fairfarren/peekgit/internal/tui/app.go:567.2,568.35 2 0
github.com/Fairfarren/peekgit/internal/tui/app.go:568.35,572.3 3 0
github.com/Fairfarren/peekgit/internal/tui/app.go:574.2,575.45 2 0
github.com/Fairfarren/peekgit/internal/tui/app.go:575.45,577.23 2 0
github.com/Fairfarren/peekgit/internal/tui/app.go:577.23,579.4 1 0
github.com/Fairfarren/peekgit/internal/tui/app.go:580.3,581.28 2 0
github.com/Fairfarren/peekgit/internal/tui/app.go:581.28,584.4 2 0
github.com/Fairfarren/peekgit/internal/tui/app.go:585.3,585.22 1 0
github.com/Fairfarren/peekgit/internal/tui/app.go:585.22,587.12 2 0
github.com/Fairfarren/peekgit/internal/tui/app.go:589.3,590.32 2 0
github.com/Fairfarren/peekgit/internal/tui/app.go:590.32,591.15 1 0
github.com/Fairfarren/peekgit/internal/tui/app.go:591.15,593.5 1 0
github.com/Fairfarren/peekgit/internal/tui/app.go:594.4,594.37 1 0
github.com/Fairfarren/peekgit/internal/tui/app.go:596.3,596.74 1 0
github.com/Fairfarren/peekgit/internal/tui/app.go:599.2,601.34 3 0
github.com/Fairfarren/peekgit/internal/tui/app.go:604.71,606.14 2 0
github.com/Fairfarren/peekgit/internal/tui/app.go:606.14,608.3 1 0
github.com/Fairfarren/peekgit/internal/tui/app.go:609.2,618.16 5 0
github.com/Fairfarren/peekgit/internal/tui/app.go:618.16,620.3 1 0
github.com/Fairfarren/peekgit/internal/tui/app.go:622.2,623.24 2 0
github.com/Fairfarren/peekgit/internal/tui/app.go:623.24,625.3 1 0
github.com/Fairfarren/peekgit/internal/tui/app.go:626.2,627.27 2 0
github.com/Fairfarren/peekgit/internal/tui/app.go:627.27,629.3 1 0
github.com/Fairfarren/peekgit/internal/tui/app.go:630.2,631.22 2 0
github.com/Fairfarren/peekgit/internal/tui/app.go:631.22,633.3 1 0
github.com/Fairfarren/peekgit/internal/tui/app.go:635.2,640.54 4 0
github.com/Fairfarren/peekgit/internal/tui/app.go:643.35,652.34 5 0
github.com/Fairfarren/peekgit/internal/tui/app.go:652.34,653.28 1 0
github.com/Fairfarren/peekgit/internal/tui/app.go:653.28,655.4 1 0
github.com/Fairfarren/peekgit/internal/tui/app.go:655.9,657.4 1 0
github.com/Fairfarren/peekgit/internal/tui/app.go:659.2,660.15 2 0
github.com/Fairfarren/peekgit/internal/tui/app.go:660.15,662.3 1 0
github.com/Fairfarren/peekgit/internal/tui/app.go:663.2,664.21 2 0
github.com/Fairfarren/peekgit/internal/tui/app.go:664.21,666.3 1 0
github.com/Fairfarren/peekgit/internal/tui/app.go:667.2,667.23 1 0
github.com/Fairfarren/peekgit/internal/tui/app.go:667.23,669.3 1 0
github.com/Fairfarren/peekgit/internal/tui/app.go:671.2,671.21 1 0
github.com/Fairfarren/peekgit/internal/tui/app.go:672.13,674.25 2 0
github.com/Fairfarren/peekgit/internal/tui/app.go:674.25,676.4 1 0
github.com/Fairfarren/peekgit/internal/tui/app.go:676.9,677.32 1 0
github.com/Fairfarren/peekgit/internal/tui/app.go:677.32,681.27 4 0
github.com/Fairfarren/peekgit/internal/tui/app.go:681.27,683.6 1 0
github.com/Fairfarren/peekgit/internal/tui/app.go:683.11,685.6 1 0
github.com/Fairfarren/peekgit/internal/tui/app.go:688.16,690.25 2 0
github.com/Fairfarren/peekgit/internal/tui/app.go:690.25,692.4 1 0
github.com/Fairfarren/peekgit/internal/tui/app.go:692.9,693.32 1 0
github.com/Fairfarren/peekgit/internal/tui/app.go:693.32,696.27 3 0
github.com/Fairfarren/peekgit/internal/tui/app.go:696.27,698.6 1 0
github.com/Fairfarren/peekgit/internal/tui/app.go:698.11,700.6 1 0
github.com/Fairfarren/peekgit/internal/tui/app.go:704.2,704.34 1 0
github.com/Fairfarren/peekgit/internal/tui/app.go:707.33,708.19 1 0
github.com/Fairfarren/peekgit/internal/tui/app.go:708.19,710.3 1 0
github.com/Fairfarren/peekgit/internal/tui/app.go:711.2,712.18 2 0
github.com/Fairfarren/peekgit/internal/tui/app.go:712.18,714.3 1 0
github.com/Fairfarren/peekgit/internal/tui/app.go:714.8,714.31 1 0
github.com/Fairfarren/peekgit/internal/tui/app.go:714.31,716.3 1 0
github.com/Fairfarren/peekgit/internal/tui/app.go:717.2,717.46 1 0
github.com/Fairfarren/peekgit/internal/tui/app.go:720.39,721.24 1 0
github.com/Fairfarren/peekgit/internal/tui/app.go:721.24,722.71 1 0
github.com/Fairfarren/peekgit/internal/tui/app.go:722.71,724.4 1 0
github.com/Fairfarren/peekgit/internal/tui/app.go:726.3,730.17 4 0
github.com/Fairfarren/peekgit/internal/tui/app.go:730.17,732.4 1 0
github.com/Fairfarren/peekgit/internal/tui/app.go:733.3,738.27 5 0
github.com/Fairfarren/peekgit/internal/tui/app.go:738.27,741.14 3 0
github.com/Fairfarren/peekgit/internal/tui/app.go:741.14,742.18 1 0
github.com/Fairfarren/peekgit/internal/tui/app.go:742.18,742.27 1 0
github.com/Fairfarren/peekgit/internal/tui/app.go:743.5,744.111 2 0
github.com/Fairfarren/peekgit/internal/tui/app.go:744.111,746.20 2 0
github.com/Fairfarren/peekgit/internal/tui/app.go:746.20,749.42 3 0
github.com/Fairfarren/peekgit/internal/tui/app.go:749.42,754.8 4 0
github.com/Fairfarren/peekgit/internal/tui/app.go:757.5,757.17 1 0
github.com/Fairfarren/peekgit/internal/tui/app.go:760.3,760.33 1 0
github.com/Fairfarren/peekgit/internal/tui/app.go:760.33,762.4 1 0
github.com/Fairfarren/peekgit/internal/tui/app.go:764.3,765.35 2 0
github.com/Fairfarren/peekgit/internal/tui/app.go:765.35,767.4 1 0
github.com/Fairfarren/peekgit/internal/tui/app.go:768.3,768.48 1 0
github.com/Fairfarren/peekgit/internal/tui/app.go:768.48,768.94 1 0
github.com/Fairfarren/peekgit/internal/tui/app.go:769.3,769.41 1 0
github.com/Fairfarren/peekgit/internal/tui/app.go:773.60,774.24 1 0
github.com/Fairfarren/peekgit/internal/tui/app.go:774.24,779.17 4 0
github.com/Fairfarren/peekgit/internal/tui/app.go:779.17,781.4 1 0
github.com/Fairfarren/peekgit/internal/tui/app.go:782.3,787.90 6 0
github.com/Fairfarren/peekgit/internal/tui/app.go:787.90,791.4 3 0
github.com/Fairfarren/peekgit/internal/tui/app.go:791.9,791.45 1 0
github.com/Fairfarren/peekgit/internal/tui/app.go:791.45,793.4 1 0
github.com/Fairfarren/peekgit/internal/tui/app.go:793.9,798.4 4 0
github.com/Fairfarren/peekgit/internal/tui/app.go:799.3,806.4 1 0
github.com/Fairfarren/peekgit/internal/tui/app.go:810.82,811.25 1 0
github.com/Fairfarren/peekgit/internal/tui/app.go:811.25,812.34 1 0
github.com/Fairfarren/peekgit/internal/tui/app.go:812.34,813.12 1 0
github.com/Fairfarren/peekgit/internal/tui/app.go:815.3,817.9 3 0
github.com/Fairfarren/peekgit/internal/tui/app.go:821.72,822.24 1 0
github.com/Fairfarren/peekgit/internal/tui/app.go:822.24,826.17 4 0
github.com/Fairfarren/peekgit/internal/tui/app.go:826.17,828.4 1 0
github.com/Fairfarren/peekgit/internal/tui/app.go:829.3,830.17 2 0
github.com/Fairfarren/peekgit/internal/tui/app.go:830.17,832.4 1 0
github.com/Fairfarren/peekgit/internal/tui/app.go:833.3,833.38 1 0
github.com/Fairfarren/peekgit/internal/tui/app.go:837.43,838.24 1 0
github.com/Fairfarren/peekgit/internal/tui/app.go:838.24,840.48 2 0
github.com/Fairfarren/peekgit/internal/tui/app.go:840.48,842.4 1 0
github.com/Fairfarren/peekgit/internal/tui/app.go:843.3,843.51 1 0
github.com/Fairfarren/peekgit/internal/tui/app.go:843.51,845.4 1 0
github.com/Fairfarren/peekgit/internal/tui/app.go:846.3,846.16 1 0
github.com/Fairfarren/peekgit/internal/tui/app.go:846.16,848.4 1 0
github.com/Fairfarren/peekgit/internal/tui/app.go:849.3,851.13 3 0
github.com/Fairfarren/peekgit/internal/tui/app.go:855.43,856.30 1 0
github.com/Fairfarren/peekgit/internal/tui/app.go:856.30,858.3 1 0
github.com/Fairfarren/peekgit/internal/tui/app.go:859.2,859.29 1 0
github.com/Fairfarren/peekgit/internal/tui/app.go:859.29,861.3 1 0
github.com/Fairfarren/peekgit/internal/tui/app.go:862.2,862.48 1 0
github.com/Fairfarren/peekgit/internal/tui/app.go:865.46,867.60 2 0
github.com/Fairfarren/peekgit/internal/tui/app.go:867.60,869.3 1 0
github.com/Fairfarren/peekgit/internal/tui/app.go:870.2,870.34 1 0
github.com/Fairfarren/peekgit/internal/tui/app.go:873.40,875.2 1 0
github.com/Fairfarren/peekgit/internal/tui/app.go:877.50,878.43 1 0
github.com/Fairfarren/peekgit/internal/tui/app.go:878.43,880.3 1 0
github.com/Fairfarren/peekgit/internal/tui/app.go:881.2,883.28 3 0
github.com/Fairfarren/peekgit/internal/tui/app.go:883.28,884.56 1 0
github.com/Fairfarren/peekgit/internal/tui/app.go:884.56,886.4 1 0
github.com/Fairfarren/peekgit/internal/tui/app.go:888.2,888.33 1 0
github.com/Fairfarren/peekgit/internal/tui/app.go:888.33,890.3 1 0
github.com/Fairfarren/peekgit/internal/tui/app.go:891.2,891.12 1 0
github.com/Fairfarren/peekgit/internal/tui/app.go:894.31,899.34 4 0
github.com/Fairfarren/peekgit/internal/tui/app.go:899.34,900.29 1 0
github.com/Fairfarren/peekgit/internal/tui/app.go:900.29,903.4 2 0
github.com/Fairfarren/peekgit/internal/tui/app.go:904.3,904.45 1 0
github.com/Fairfarren/peekgit/internal/tui/app.go:904.45,906.4 1 0
github.com/Fairfarren/peekgit/internal/tui/app.go:907.3,907.9 1 0
github.com/Fairfarren/peekgit/internal/tui/app.go:910.2,911.24 2 0
github.com/Fairfarren/peekgit/internal/tui/app.go:911.24,914.3 2 0
github.com/Fairfarren/peekgit/internal/tui/app.go:915.2,915.38 1 0
github.com/Fairfarren/peekgit/internal/tui/app.go:915.38,917.3 1 0
github.com/Fairfarren/peekgit/internal/tui/app.go:920.38,923.35 3 0
github.com/Fairfarren/peekgit/internal/tui/app.go:923.35,925.3 1 0
github.com/Fairfarren/peekgit/internal/tui/app.go:926.2,927.29 2 0
github.com/Fairfarren/peekgit/internal/tui/app.go:927.29,928.69 1 0
github.com/Fairfarren/peekgit/internal/tui/app.go:928.69,930.4 1 0
github.com/Fairfarren/peekgit/internal/tui/app.go:932.2,932.16 1 0
github.com/Fairfarren/peekgit/internal/tui/app.go:935.36,936.25 1 0
github.com/Fairfarren/peekgit/internal/tui/app.go:936.25,938.3 1 0
github.com/Fairfarren/peekgit/internal/tui/app.go:939.2,940.50 2 0
github.com/Fairfarren/peekgit/internal/tui/app.go:943.33,944.32 1 0
github.com/Fairfarren/peekgit/internal/tui/app.go:944.32,946.3 1 0
github.com/Fairfarren/peekgit/internal/tui/app.go:947.2,947.10 1 0
github.com/Fairfarren/peekgit/internal/tui/app.go:950.40,951.24 1 0
github.com/Fairfarren/peekgit/internal/tui/app.go:951.24,953.22 2 0
github.com/Fairfarren/peekgit/internal/tui/app.go:953.22,955.4 1 0
github.com/Fairfarren/peekgit/internal/tui/app.go:956.3,959.52 4 0
github.com/Fairfarren/peekgit/internal/tui/app.go:963.36,964.24 1 0
github.com/Fairfarren/peekgit/internal/tui/app.go:964.24,972.32 6 0
github.com/Fairfarren/peekgit/internal/tui/app.go:972.32,973.53 1 0
github.com/Fairfarren/peekgit/internal/tui/app.go:973.53,976.5 2 0
github.com/Fairfarren/peekgit/internal/tui/app.go:976.10,978.5 1 0
github.com/Fairfarren/peekgit/internal/tui/app.go:980.3,980.80 1 0
github.com/Fairfarren/peekgit/internal/tui/app.go:984.54,986.52 1 0
github.com/Fairfarren/peekgit/internal/tui/app.go:986.52,987.25 1 0
github.com/Fairfarren/peekgit/internal/tui/app.go:987.25,989.4 1 0
github.com/Fairfarren/peekgit/internal/tui/app.go:992.2,994.52 3 0
github.com/Fairfarren/peekgit/internal/tui/app.go:994.52,996.3 1 0
github.com/Fairfarren/peekgit/internal/tui/app.go:1003.28,1004.11 1 0
github.com/Fairfarren/peekgit/internal/tui/app.go:1004.11,1006.3 1 0
github.com/Fairfarren/peekgit/internal/tui/app.go:1007.2,1007.10 1 0
github.com/Fairfarren/peekgit/internal/tui/layout.go:3.72,4.25 1 0
github.com/Fairfarren/peekgit/internal/tui/layout.go:4.25,6.3 1 0
github.com/Fairfarren/peekgit/internal/tui/layout.go:7.2,8.16 2 0
github.com/Fairfarren/peekgit/internal/tui/layout.go:8.16,10.3 1 0
github.com/Fairfarren/peekgit/internal/tui/layout.go:11.2,12.14 2 0
github.com/Fairfarren/peekgit/internal/tui/layout.go:12.14,14.3 1 0
github.com/Fairfarren/peekgit/internal/tui/layout.go:15.2,15.13 1 0
github.com/Fairfarren/peekgit/internal/tui/layout.go:18.69,19.18 1 0
github.com/Fairfarren/peekgit/internal/tui/layout.go:19.18,20.25 1 0
github.com/Fairfarren/peekgit/internal/tui/layout.go:20.25,22.4 1 0
github.com/Fairfarren/peekgit/internal/tui/layout.go:23.3,23.24 1 0
github.com/Fairfarren/peekgit/internal/tui/layout.go:25.2,26.11 2 0
github.com/Fairfarren/peekgit/internal/tui/layout.go:26.11,28.3 1 0
github.com/Fairfarren/peekgit/internal/tui/layout.go:29.2,29.10 1 0
github.com/Fairfarren/peekgit/internal/tui/layout.go:32.69,33.16 1 0
github.com/Fairfarren/peekgit/internal/tui/layout.go:33.16,35.3 1 0
github.com/Fairfarren/peekgit/internal/tui/layout.go:36.2,36.17 1 0
github.com/Fairfarren/peekgit/internal/tui/layout.go:36.17,38.3 1 0
github.com/Fairfarren/peekgit/internal/tui/layout.go:39.2,39.22 1 0
github.com/Fairfarren/peekgit/internal/tui/layout.go:39.22,41.3 1 0
github.com/Fairfarren/peekgit/internal/tui/layout.go:43.2,44.13 2 0
github.com/Fairfarren/peekgit/internal/tui/layout.go:45.12,46.27 1 0
github.com/Fairfarren/peekgit/internal/tui/layout.go:47.14,48.27 1 0
github.com/Fairfarren/peekgit/internal/tui/layout.go:49.14,50.21 1 0
github.com/Fairfarren/peekgit/internal/tui/layout.go:51.15,52.21 1 0
github.com/Fairfarren/peekgit/internal/tui/layout.go:53.10,54.17 1 0
github.com/Fairfarren/peekgit/internal/tui/layout.go:57.2,57.14 1 0
github.com/Fairfarren/peekgit/internal/tui/layout.go:57.14,59.3 1 0
github.com/Fairfarren/peekgit/internal/tui/layout.go:60.2,60.19 1 0
github.com/Fairfarren/peekgit/internal/tui/layout.go:60.19,62.3 1 0
github.com/Fairfarren/peekgit/internal/tui/layout.go:63.2,63.13 1 0
github.com/Fairfarren/peekgit/internal/tui/styles.go:47.77,49.15 2 0
github.com/Fairfarren/peekgit/internal/tui/styles.go:50.24,51.37 1 0
github.com/Fairfarren/peekgit/internal/tui/styles.go:52.23,53.36 1 0
github.com/Fairfarren/peekgit/internal/tui/styles.go:54.24,55.37 1 0
github.com/Fairfarren/peekgit/internal/tui/styles.go:56.26,57.39 1 0
github.com/Fairfarren/peekgit/internal/tui/styles.go:58.10,59.38 1 0
github.com/Fairfarren/peekgit/internal/tui/styles.go:63.38,65.29 2 0
github.com/Fairfarren/peekgit/internal/tui/styles.go:65.29,66.10 1 0
github.com/Fairfarren/peekgit/internal/tui/styles.go:67.46,68.41 1 0
github.com/Fairfarren/peekgit/internal/tui/styles.go:74.44,75.41 1 0
github.com/Fairfarren/peekgit/internal/tui/styles.go:77.36,78.41 1 0
github.com/Fairfarren/peekgit/internal/tui/styles.go:79.38,80.41 1 0
github.com/Fairfarren/peekgit/internal/tui/styles.go:81.37,82.40 1 0
github.com/Fairfarren/peekgit/internal/tui/styles.go:83.37,84.40 1 0
github.com/Fairfarren/peekgit/internal/tui/styles.go:87.2,87.34 1 0
github.com/Fairfarren/peekgit/internal/workspace/scan.go:14.61,16.2 1 0
github.com/Fairfarren/peekgit/internal/workspace/scan.go:18.39,19.17 1 0
github.com/Fairfarren/peekgit/internal/workspace/scan.go:19.17,21.3 1 0
github.com/Fairfarren/peekgit/internal/workspace/scan.go:22.2,22.35 1 0
github.com/Fairfarren/peekgit/internal/workspace/scan.go:22.35,24.3 1 0
github.com/Fairfarren/peekgit/internal/workspace/scan.go:25.2,25.61 1 0
github.com/Fairfarren/peekgit/internal/workspace/scan.go:25.61,27.3 1 0
github.com/Fairfarren/peekgit/internal/workspace/scan.go:28.2,28.25 1 0
github.com/Fairfarren/peekgit/internal/workspace/scan.go:28.25,30.3 1 0
github.com/Fairfarren/peekgit/internal/workspace/scan.go:31.2,31.14 1 0
github.com/Fairfarren/peekgit/internal/workspace/scan.go:34.61,36.26 2 0
github.com/Fairfarren/peekgit/internal/workspace/scan.go:36.26,38.17 2 0
github.com/Fairfarren/peekgit/internal/workspace/scan.go:38.17,39.12 1 0
github.com/Fairfarren/peekgit/internal/workspace/scan.go:42.3,43.24 2 0
github.com/Fairfarren/peekgit/internal/workspace/scan.go:43.24,44.12 1 0
github.com/Fairfarren/peekgit/internal/workspace/scan.go:46.3,46.78 1 0
github.com/Fairfarren/peekgit/internal/workspace/scan.go:48.2,48.19 1 0
github.com/Fairfarren/peekgit/internal/workspace/scan.go:52.43,55.16 3 0
github.com/Fairfarren/peekgit/internal/workspace/scan.go:55.16,56.25 1 0
github.com/Fairfarren/peekgit/internal/workspace/scan.go:56.25,58.4 1 0
github.com/Fairfarren/peekgit/internal/workspace/scan.go:59.3,59.20 1 0
github.com/Fairfarren/peekgit/internal/workspace/scan.go:62.2,62.18 1 0
github.com/Fairfarren/peekgit/internal/workspace/scan.go:62.18,64.3 1 0
github.com/Fairfarren/peekgit/internal/workspace/scan.go:66.2,67.16 2 0
github.com/Fairfarren/peekgit/internal/workspace/scan.go:67.16,69.3 1 0
github.com/Fairfarren/peekgit/internal/workspace/scan.go:70.2,71.41 2 0
github.com/Fairfarren/peekgit/internal/workspace/scan.go:71.41,73.3 1 0
github.com/Fairfarren/peekgit/internal/workspace/scan.go:74.2,75.16 2 0
[...]
github.com/Fairfarren/peekgit/internal/tui/app.go:434.65,436.4 1 0
github.com/Fairfarren/peekgit/internal/tui/app.go:438.2,438.15 1 0
github.com/Fairfarren/peekgit/internal/tui/app.go:441.63,442.25 1 0
github.com/Fairfarren/peekgit/internal/tui/app.go:442.25,445.3 2 0
github.com/Fairfarren/peekgit/internal/tui/app.go:446.2,446.25 1 0
github.com/Fairfarren/peekgit/internal/tui/app.go:446.25,450.3 3 0
github.com/Fairfarren/peekgit/internal/tui/app.go:451.2,451.25 1 0
github.com/Fairfarren/peekgit/internal/tui/app.go:451.25,454.3 2 0
github.com/Fairfarren/peekgit/internal/tui/app.go:455.2,455.25 1 0
github.com/Fairfarren/peekgit/internal/tui/app.go:455.25,458.3 2 0
github.com/Fairfarren/peekgit/internal/tui/app.go:459.2,461.15 3 0
github.com/Fairfarren/peekgit/internal/tui/app.go:464.29,465.35 1 0
github.com/Fairfarren/peekgit/internal/tui/app.go:465.35,467.3 1 0
github.com/Fairfarren/peekgit/internal/tui/app.go:468.2,468.18 1 0
github.com/Fairfarren/peekgit/internal/tui/app.go:469.24,470.28 1 0
github.com/Fairfarren/peekgit/internal/tui/app.go:471.18,472.22 1 0
github.com/Fairfarren/peekgit/internal/tui/app.go:473.20,474.24 1 0
github.com/Fairfarren/peekgit/internal/tui/app.go:475.18,476.22 1 0
github.com/Fairfarren/peekgit/internal/tui/app.go:477.10,478.12 1 0
github.com/Fairfarren/peekgit/internal/tui/app.go:482.39,488.28 4 0
github.com/Fairfarren/peekgit/internal/tui/app.go:488.28,492.3 3 0
github.com/Fairfarren/peekgit/internal/tui/app.go:494.2,495.52 2 0
github.com/Fairfarren/peekgit/internal/tui/app.go:495.52,497.30 2 0
github.com/Fairfarren/peekgit/internal/tui/app.go:497.30,499.4 1 0
github.com/Fairfarren/peekgit/internal/tui/app.go:500.3,501.28 2 0
github.com/Fairfarren/peekgit/internal/tui/app.go:501.28,504.4 2 0
github.com/Fairfarren/peekgit/internal/tui/app.go:505.3,505.22 1 0
github.com/Fairfarren/peekgit/internal/tui/app.go:505.22,507.12 2 0
github.com/Fairfarren/peekgit/internal/tui/app.go:509.3,510.32 2 0
github.com/Fairfarren/peekgit/internal/tui/app.go:510.32,511.15 1 0
github.com/Fairfarren/peekgit/internal/tui/app.go:511.15,513.5 1 0
github.com/Fairfarren/peekgit/internal/tui/app.go:514.4,514.37 1 0
github.com/Fairfarren/peekgit/internal/tui/app.go:516.3,516.74 1 0
github.com/Fairfarren/peekgit/internal/tui/app.go:519.2,521.34 3 0
github.com/Fairfarren/peekgit/internal/tui/app.go:524.70,526.14 2 0
github.com/Fairfarren/peekgit/internal/tui/app.go:526.14,528.3 1 0
github.com/Fairfarren/peekgit/internal/tui/app.go:529.2,538.44 4 0
github.com/Fairfarren/peekgit/internal/tui/app.go:541.33,543.68 2 0
github.com/Fairfarren/peekgit/internal/tui/app.go:543.68,545.3 1 0
github.com/Fairfarren/peekgit/internal/tui/app.go:546.2,547.18 2 0
github.com/Fairfarren/peekgit/internal/tui/app.go:547.18,549.3 1 0
github.com/Fairfarren/peekgit/internal/tui/app.go:550.2,551.26 2 0
github.com/Fairfarren/peekgit/internal/tui/app.go:551.26,553.3 1 0
github.com/Fairfarren/peekgit/internal/tui/app.go:554.2,555.18 2 0
github.com/Fairfarren/peekgit/internal/tui/app.go:555.18,557.3 1 0
github.com/Fairfarren/peekgit/internal/tui/app.go:559.2,560.21 2 0
github.com/Fairfarren/peekgit/internal/tui/app.go:560.21,562.3 1 0
github.com/Fairfarren/peekgit/internal/tui/app.go:563.2,563.15 1 0
github.com/Fairfarren/peekgit/internal/tui/app.go:563.15,565.3 1 0
github.com/Fairfarren/peekgit/internal/tui/app.go:567.2,568.35 2 0
github.com/Fairfarren/peekgit/internal/tui/app.go:568.35,572.3 3 0
github.com/Fairfarren/peekgit/internal/tui/app.go:574.2,575.45 2 0
github.com/Fairfarren/peekgit/internal/tui/app.go:575.45,577.23 2 0
github.com/Fairfarren/peekgit/internal/tui/app.go:577.23,579.4 1 0
github.com/Fairfarren/peekgit/internal/tui/app.go:580.3,581.28 2 0
github.com/Fairfarren/peekgit/internal/tui/app.go:581.28,584.4 2 0
github.com/Fairfarren/peekgit/internal/tui/app.go:585.3,585.22 1 0
github.com/Fairfarren/peekgit/internal/tui/app.go:585.22,587.12 2 0
github.com/Fairfarren/peekgit/internal/tui/app.go:589.3,590.32 2 0
github.com/Fairfarren/peekgit/internal/tui/app.go:590.32,591.15 1 0
github.com/Fairfarren/peekgit/internal/tui/app.go:591.15,593.5 1 0
github.com/Fairfarren/peekgit/internal/tui/app.go:594.4,594.37 1 0
github.com/Fairfarren/peekgit/internal/tui/app.go:596.3,596.74 1 0
github.com/Fairfarren/peekgit/internal/tui/app.go:599.2,601.34 3 0
github.com/Fairfarren/peekgit/internal/tui/app.go:604.71,606.14 2 0
github.com/Fairfarren/peekgit/internal/tui/app.go:606.14,608.3 1 0
github.com/Fairfarren/peekgit/internal/tui/app.go:609.2,618.16 5 0
github.com/Fairfarren/peekgit/internal/tui/app.go:618.16,620.3 1 0
github.com/Fairfarren/peekgit/internal/tui/app.go:622.2,623.24 2 0
github.com/Fairfarren/peekgit/internal/tui/app.go:623.24,625.3 1 0
github.com/Fairfarren/peekgit/internal/tui/app.go:626.2,627.27 2 0
github.com/Fairfarren/peekgit/internal/tui/app.go:627.27,629.3 1 0
github.com/Fairfarren/peekgit/internal/tui/app.go:630.2,631.22 2 0
github.com/Fairfarren/peekgit/internal/tui/app.go:631.22,633.3 1 0
github.com/Fairfarren/peekgit/internal/tui/app.go:635.2,640.54 4 0
github.com/Fairfarren/peekgit/internal/tui/app.go:643.35,652.34 5 0
github.com/Fairfarren/peekgit/internal/tui/app.go:652.34,653.28 1 0
github.com/Fairfarren/peekgit/internal/tui/app.go:653.28,655.4 1 0
github.com/Fairfarren/peekgit/internal/tui/app.go:655.9,657.4 1 0
github.com/Fairfarren/peekgit/internal/tui/app.go:659.2,660.15 2 0
github.com/Fairfarren/peekgit/internal/tui/app.go:660.15,662.3 1 0
github.com/Fairfarren/peekgit/internal/tui/app.go:663.2,664.21 2 0
github.com/Fairfarren/peekgit/internal/tui/app.go:664.21,666.3 1 0
github.com/Fairfarren/peekgit/internal/tui/app.go:667.2,667.23 1 0
github.com/Fairfarren/peekgit/internal/tui/app.go:667.23,669.3 1 0
github.com/Fairfarren/peekgit/internal/tui/app.go:671.2,671.21 1 0
github.com/Fairfarren/peekgit/internal/tui/app.go:672.13,674.25 2 0
github.com/Fairfarren/peekgit/internal/tui/app.go:674.25,676.4 1 0
github.com/Fairfarren/peekgit/internal/tui/app.go:676.9,677.32 1 0
github.com/Fairfarren/peekgit/internal/tui/app.go:677.32,681.27 4 0
github.com/Fairfarren/peekgit/internal/tui/app.go:681.27,683.6 1 0
github.com/Fairfarren/peekgit/internal/tui/app.go:683.11,685.6 1 0
github.com/Fairfarren/peekgit/internal/tui/app.go:688.16,690.25 2 0
github.com/Fairfarren/peekgit/internal/tui/app.go:690.25,692.4 1 0
github.com/Fairfarren/peekgit/internal/tui/app.go:692.9,693.32 1 0
github.com/Fairfarren/peekgit/internal/tui/app.go:693.32,696.27 3 0
github.com/Fairfarren/peekgit/internal/tui/app.go:696.27,698.6 1 0
github.com/Fairfarren/peekgit/internal/tui/app.go:698.11,700.6 1 0
github.com/Fairfarren/peekgit/internal/tui/app.go:704.2,704.34 1 0
github.com/Fairfarren/peekgit/internal/tui/app.go:707.33,708.19 1 0
github.com/Fairfarren/peekgit/internal/tui/app.go:708.19,710.3 1 0
github.com/Fairfarren/peekgit/internal/tui/app.go:711.2,712.18 2 0
github.com/Fairfarren/peekgit/internal/tui/app.go:712.18,714.3 1 0
github.com/Fairfarren/peekgit/internal/tui/app.go:714.8,714.31 1 0
github.com/Fairfarren/peekgit/internal/tui/app.go:714.31,716.3 1 0
github.com/Fairfarren/peekgit/internal/tui/app.go:717.2,717.46 1 0
github.com/Fairfarren/peekgit/internal/tui/app.go:720.39,721.24 1 0
github.com/Fairfarren/peekgit/internal/tui/app.go:721.24,722.71 1 0
github.com/Fairfarren/peekgit/internal/tui/app.go:722.71,724.4 1 0
github.com/Fairfarren/peekgit/internal/tui/app.go:726.3,730.17 4 0
github.com/Fairfarren/peekgit/internal/tui/app.go:730.17,732.4 1 0
github.com/Fairfarren/peekgit/internal/tui/app.go:733.3,738.27 5 0
github.com/Fairfarren/peekgit/internal/tui/app.go:738.27,741.14 3 0
github.com/Fairfarren/peekgit/internal/tui/app.go:741.14,742.18 1 0
github.com/Fairfarren/peekgit/internal/tui/app.go:742.18,742.27 1 0
github.com/Fairfarren/peekgit/internal/tui/app.go:743.5,744.111 2 0
github.com/Fairfarren/peekgit/internal/tui/app.go:744.111,746.20 2 0
github.com/Fairfarren/peekgit/internal/tui/app.go:746.20,749.42 3 0
github.com/Fairfarren/peekgit/internal/tui/app.go:749.42,754.8 4 0
github.com/Fairfarren/peekgit/internal/tui/app.go:757.5,757.17 1 0
github.com/Fairfarren/peekgit/internal/tui/app.go:760.3,760.33 1 0
github.com/Fairfarren/peekgit/internal/tui/app.go:760.33,762.4 1 0
github.com/Fairfarren/peekgit/internal/tui/app.go:764.3,765.35 2 0
github.com/Fairfarren/peekgit/internal/tui/app.go:765.35,767.4 1 0
github.com/Fairfarren/peekgit/internal/tui/app.go:768.3,768.48 1 0
github.com/Fairfarren/peekgit/internal/tui/app.go:768.48,768.94 1 0
github.com/Fairfarren/peekgit/internal/tui/app.go:769.3,769.41 1 0
github.com/Fairfarren/peekgit/internal/tui/app.go:773.60,774.24 1 0
github.com/Fairfarren/peekgit/internal/tui/app.go:774.24,779.17 4 0
github.com/Fairfarren/peekgit/internal/tui/app.go:779.17,781.4 1 0
github.com/Fairfarren/peekgit/internal/tui/app.go:782.3,787.90 6 0
github.com/Fairfarren/peekgit/internal/tui/app.go:787.90,791.4 3 0
github.com/Fairfarren/peekgit/internal/tui/app.go:791.9,791.45 1 0
github.com/Fairfarren/peekgit/internal/tui/app.go:791.45,793.4 1 0
github.com/Fairfarren/peekgit/internal/tui/app.go:793.9,798.4 4 0
github.com/Fairfarren/peekgit/internal/tui/app.go:799.3,806.4 1 0
github.com/Fairfarren/peekgit/internal/tui/app.go:810.82,811.25 1 0
github.com/Fairfarren/peekgit/internal/tui/app.go:811.25,812.34 1 0
github.com/Fairfarren/peekgit/internal/tui/app.go:812.34,813.12 1 0
github.com/Fairfarren/peekgit/internal/tui/app.go:815.3,817.9 3 0
github.com/Fairfarren/peekgit/internal/tui/app.go:821.72,822.24 1 0
github.com/Fairfarren/peekgit/internal/tui/app.go:822.24,826.17 4 0
github.com/Fairfarren/peekgit/internal/tui/app.go:826.17,828.4 1 0
github.com/Fairfarren/peekgit/internal/tui/app.go:829.3,830.17 2 0
github.com/Fairfarren/peekgit/internal/tui/app.go:830.17,832.4 1 0
github.com/Fairfarren/peekgit/internal/tui/app.go:833.3,833.38 1 0
github.com/Fairfarren/peekgit/internal/tui/app.go:837.43,838.24 1 0
github.com/Fairfarren/peekgit/internal/tui/app.go:838.24,840.48 2 0
github.com/Fairfarren/peekgit/internal/tui/app.go:840.48,842.4 1 0
github.com/Fairfarren/peekgit/internal/tui/app.go:843.3,843.51 1 0
github.com/Fairfarren/peekgit/internal/tui/app.go:843.51,845.4 1 0
github.com/Fairfarren/peekgit/internal/tui/app.go:846.3,846.16 1 0
github.com/Fairfarren/peekgit/internal/tui/app.go:846.16,848.4 1 0
github.com/Fairfarren/peekgit/internal/tui/app.go:849.3,851.13 3 0
github.com/Fairfarren/peekgit/internal/tui/app.go:855.43,856.30 1 0
github.com/Fairfarren/peekgit/internal/tui/app.go:856.30,858.3 1 0
github.com/Fairfarren/peekgit/internal/tui/app.go:859.2,859.29 1 0
github.com/Fairfarren/peekgit/internal/tui/app.go:859.29,861.3 1 0
github.com/Fairfarren/peekgit/internal/tui/app.go:862.2,862.48 1 0
github.com/Fairfarren/peekgit/internal/tui/app.go:865.46,867.60 2 0
github.com/Fairfarren/peekgit/internal/tui/app.go:867.60,869.3 1 0
github.com/Fairfarren/peekgit/internal/tui/app.go:870.2,870.34 1 0
github.com/Fairfarren/peekgit/internal/tui/app.go:873.40,875.2 1 0
github.com/Fairfarren/peekgit/internal/tui/app.go:877.50,878.43 1 0
github.com/Fairfarren/peekgit/internal/tui/app.go:878.43,880.3 1 0
github.com/Fairfarren/peekgit/internal/tui/app.go:881.2,883.28 3 0
github.com/Fairfarren/peekgit/internal/tui/app.go:883.28,884.56 1 0
github.com/Fairfarren/peekgit/internal/tui/app.go:884.56,886.4 1 0
github.com/Fairfarren/peekgit/internal/tui/app.go:888.2,888.33 1 0
github.com/Fairfarren/peekgit/internal/tui/app.go:888.33,890.3 1 0
github.com/Fairfarren/peekgit/internal/tui/app.go:891.2,891.12 1 0
github.com/Fairfarren/peekgit/internal/tui/app.go:894.31,899.34 4 0
github.com/Fairfarren/peekgit/internal/tui/app.go:899.34,900.29 1 0
github.com/Fairfarren/peekgit/internal/tui/app.go:900.29,903.4 2 0
github.com/Fairfarren/peekgit/internal/tui/app.go:904.3,904.45 1 0
github.com/Fairfarren/peekgit/internal/tui/app.go:904.45,906.4 1 0
github.com/Fairfarren/peekgit/internal/tui/app.go:907.3,907.9 1 0
github.com/Fairfarren/peekgit/internal/tui/app.go:910.2,911.24 2 0
github.com/Fairfarren/peekgit/internal/tui/app.go:911.24,914.3 2 0
github.com/Fairfarren/peekgit/internal/tui/app.go:915.2,915.38 1 0
github.com/Fairfarren/peekgit/internal/tui/app.go:915.38,917.3 1 0
github.com/Fairfarren/peekgit/internal/tui/app.go:920.38,923.35 3 0
github.com/Fairfarren/peekgit/internal/tui/app.go:923.35,925.3 1 0
github.com/Fairfarren/peekgit/internal/tui/app.go:926.2,927.29 2 0
github.com/Fairfarren/peekgit/internal/tui/app.go:927.29,928.69 1 0
github.com/Fairfarren/peekgit/internal/tui/app.go:928.69,930.4 1 0
github.com/Fairfarren/peekgit/internal/tui/app.go:932.2,932.16 1 0
github.com/Fairfarren/peekgit/internal/tui/app.go:935.36,936.25 1 0
github.com/Fairfarren/peekgit/internal/tui/app.go:936.25,938.3 1 0
github.com/Fairfarren/peekgit/internal/tui/app.go:939.2,940.50 2 0
github.com/Fairfarren/peekgit/internal/tui/app.go:943.33,944.32 1 0
github.com/Fairfarren/peekgit/internal/tui/app.go:944.32,946.3 1 0
github.com/Fairfarren/peekgit/internal/tui/app.go:947.2,947.10 1 0
github.com/Fairfarren/peekgit/internal/tui/app.go:950.40,951.24 1 0
github.com/Fairfarren/peekgit/internal/tui/app.go:951.24,953.22 2 0
github.com/Fairfarren/peekgit/internal/tui/app.go:953.22,955.4 1 0
github.com/Fairfarren/peekgit/internal/tui/app.go:956.3,959.52 4 0
github.com/Fairfarren/peekgit/internal/tui/app.go:963.36,964.24 1 0
github.com/Fairfarren/peekgit/internal/tui/app.go:964.24,972.32 6 0
github.com/Fairfarren/peekgit/internal/tui/app.go:972.32,973.53 1 0
github.com/Fairfarren/peekgit/internal/tui/app.go:973.53,976.5 2 0
github.com/Fairfarren/peekgit/internal/tui/app.go:976.10,978.5 1 0
github.com/Fairfarren/peekgit/internal/tui/app.go:980.3,980.80 1 0
github.com/Fairfarren/peekgit/internal/tui/app.go:984.54,986.52 1 0
github.com/Fairfarren/peekgit/internal/tui/app.go:986.52,987.25 1 0
github.com/Fairfarren/peekgit/internal/tui/app.go:987.25,989.4 1 0
github.com/Fairfarren/peekgit/internal/tui/app.go:992.2,994.52 3 0
github.com/Fairfarren/peekgit/internal/tui/app.go:994.52,996.3 1 0
github.com/Fairfarren/peekgit/internal/tui/app.go:1003.28,1004.11 1 0
github.com/Fairfarren/peekgit/internal/tui/app.go:1004.11,1006.3 1 0
github.com/Fairfarren/peekgit/internal/tui/app.go:1007.2,1007.10 1 0
github.com/Fairfarren/peekgit/internal/tui/layout.go:3.72,4.25 1 0
github.com/Fairfarren/peekgit/internal/tui/layout.go:4.25,6.3 1 0
github.com/Fairfarren/peekgit/internal/tui/layout.go:7.2,8.16 2 0
github.com/Fairfarren/peekgit/internal/tui/layout.go:8.16,10.3 1 0
github.com/Fairfarren/peekgit/internal/tui/layout.go:11.2,12.14 2 0
github.com/Fairfarren/peekgit/internal/tui/layout.go:12.14,14.3 1 0
github.com/Fairfarren/peekgit/internal/tui/layout.go:15.2,15.13 1 0
github.com/Fairfarren/peekgit/internal/tui/layout.go:18.69,19.18 1 0
github.com/Fairfarren/peekgit/internal/tui/layout.go:19.18,20.25 1 0
github.com/Fairfarren/peekgit/internal/tui/layout.go:20.25,22.4 1 0
github.com/Fairfarren/peekgit/internal/tui/layout.go:23.3,23.24 1 0
github.com/Fairfarren/peekgit/internal/tui/layout.go:25.2,26.11 2 0
github.com/Fairfarren/peekgit/internal/tui/layout.go:26.11,28.3 1 0
github.com/Fairfarren/peekgit/internal/tui/layout.go:29.2,29.10 1 0
github.com/Fairfarren/peekgit/internal/tui/layout.go:32.69,33.16 1 0
github.com/Fairfarren/peekgit/internal/tui/layout.go:33.16,35.3 1 0
github.com/Fairfarren/peekgit/internal/tui/layout.go:36.2,36.17 1 0
github.com/Fairfarren/peekgit/internal/tui/layout.go:36.17,38.3 1 0
github.com/Fairfarren/peekgit/internal/tui/layout.go:39.2,39.22 1 0
github.com/Fairfarren/peekgit/internal/tui/layout.go:39.22,41.3 1 0
github.com/Fairfarren/peekgit/internal/tui/layout.go:43.2,44.13 2 0
github.com/Fairfarren/peekgit/internal/tui/layout.go:45.12,46.27 1 0
github.com/Fairfarren/peekgit/internal/tui/layout.go:47.14,48.27 1 0
github.com/Fairfarren/peekgit/internal/tui/layout.go:49.14,50.21 1 0
github.com/Fairfarren/peekgit/internal/tui/layout.go:51.15,52.21 1 0
github.com/Fairfarren/peekgit/internal/tui/layout.go:53.10,54.17 1 0
github.com/Fairfarren/peekgit/internal/tui/layout.go:57.2,57.14 1 0
github.com/Fairfarren/peekgit/internal/tui/layout.go:57.14,59.3 1 0
github.com/Fairfarren/peekgit/internal/tui/layout.go:60.2,60.19 1 0
github.com/Fairfarren/peekgit/internal/tui/layout.go:60.19,62.3 1 0
github.com/Fairfarren/peekgit/internal/tui/layout.go:63.2,63.13 1 0
github.com/Fairfarren/peekgit/internal/tui/styles.go:47.77,49.15 2 0
github.com/Fairfarren/peekgit/internal/tui/styles.go:50.24,51.37 1 0
github.com/Fairfarren/peekgit/internal/tui/styles.go:52.23,53.36 1 0
github.com/Fairfarren/peekgit/internal/tui/styles.go:54.24,55.37 1 0
github.com/Fairfarren/peekgit/internal/tui/styles.go:56.26,57.39 1 0
github.com/Fairfarren/peekgit/internal/tui/styles.go:58.10,59.38 1 0
github.com/Fairfarren/peekgit/internal/tui/styles.go:63.38,65.29 2 0
github.com/Fairfarren/peekgit/internal/tui/styles.go:65.29,66.10 1 0
github.com/Fairfarren/peekgit/internal/tui/styles.go:67.46,68.41 1 0
github.com/Fairfarren/peekgit/internal/tui/styles.go:74.44,75.41 1 0
github.com/Fairfarren/peekgit/internal/tui/styles.go:77.36,78.41 1 0
github.com/Fairfarren/peekgit/internal/tui/styles.go:79.38,80.41 1 0
github.com/Fairfarren/peekgit/internal/tui/styles.go:81.37,82.40 1 0
github.com/Fairfarren/peekgit/internal/tui/styles.go:83.37,84.40 1 0
github.com/Fairfarren/peekgit/internal/tui/styles.go:87.2,87.34 1 0
github.com/Fairfarren/peekgit/internal/workspace/scan.go:14.61,16.2 1 1
github.com/Fairfarren/peekgit/internal/workspace/scan.go:18.39,19.17 1 0
github.com/Fairfarren/peekgit/internal/workspace/scan.go:19.17,21.3 1 0
github.com/Fairfarren/peekgit/internal/workspace/scan.go:22.2,22.35 1 0
github.com/Fairfarren/peekgit/internal/workspace/scan.go:22.35,24.3 1 0
github.com/Fairfarren/peekgit/internal/workspace/scan.go:25.2,25.61 1 0
github.com/Fairfarren/peekgit/internal/workspace/scan.go:25.61,27.3 1 0
github.com/Fairfarren/peekgit/internal/workspace/scan.go:28.2,28.25 1 0
github.com/Fairfarren/peekgit/internal/workspace/scan.go:28.25,30.3 1 0
github.com/Fairfarren/peekgit/internal/workspace/scan.go:31.2,31.14 1 0
github.com/Fairfarren/peekgit/internal/workspace/scan.go:34.61,36.26 2 1
github.com/Fairfarren/peekgit/internal/workspace/scan.go:36.26,38.17 2 1
github.com/Fairfarren/peekgit/internal/workspace/scan.go:38.17,39.12 1 0
github.com/Fairfarren/peekgit/internal/workspace/scan.go:42.3,43.24 2 1
github.com/Fairfarren/peekgit/internal/workspace/scan.go:43.24,44.12 1 1
github.com/Fairfarren/peekgit/internal/workspace/scan.go:46.3,46.78 1 1
github.com/Fairfarren/peekgit/internal/workspace/scan.go:48.2,48.19 1 1
github.com/Fairfarren/peekgit/internal/workspace/scan.go:52.43,55.16 3 1
github.com/Fairfarren/peekgit/internal/workspace/scan.go:55.16,56.25 1 1
github.com/Fairfarren/peekgit/internal/workspace/scan.go:56.25,58.4 1 1
github.com/Fairfarren/peekgit/internal/workspace/scan.go:59.3,59.20 1 0
github.com/Fairfarren/peekgit/internal/workspace/scan.go:62.2,62.18 1 1
github.com/Fairfarren/peekgit/internal/workspace/scan.go:62.18,64.3 1 1
github.com/Fairfarren/peekgit/internal/workspace/scan.go:66.2,67.16 2 1
github.com/Fairfarren/peekgit/internal/workspace/scan.go:67.16,69.3 1 0
github.com/Fairfarren/peekgit/internal/workspace/scan.go:70.2,71.41 2 1
github.com/Fairfarren/peekgit/internal/workspace/scan.go:71.41,73.3 1 0
github.com/Fairfarren/peekgit/internal/workspace/scan.go:74.2,75.16 2 1
github.com/Fairfarren/peekgit/internal/workspace/scan.go:75.16,77.3 1 0
github.com/Fairfarren/peekgit/internal/workspace/scan.go:78.2,78.27 1 1
github.com/Fairfarren/peekgit/internal/workspace/scan.go:78.27,80.3 1 1
github.com/Fairfarren/peekgit/internal/workspace/scan.go:81.2,82.16 2 1
github.com/Fairfarren/peekgit/internal/workspace/scan.go:82.16,83.25 1 0
github.com/Fairfarren/peekgit/internal/workspace/scan.go:83.25,85.4 1 0
github.com/Fairfarren/peekgit/internal/workspace/scan.go:86.3,86.20 1 0
github.com/Fairfarren/peekgit/internal/workspace/scan.go:88.2,88.24 1 1
